TN:
SF:electron/main/app-menu.ts
FN:7,runRendererCommand
FN:11,fileMenu
FN:15,click
FN:16,click
FN:17,click
FN:22,click
FN:30,editMenu
FN:47,viewMenu
FN:49,click
FN:50,click
FN:51,click
FN:52,click
FN:53,click
FN:54,click
FN:55,click
FN:57,click
FN:71,terminalMenu
FN:75,click
FN:76,click
FN:81,windowMenu
FN:85,helpMenu
FN:94,click
FN:110,installAppMenu
FNF:23
FNH:13
FNDA:5,runRendererCommand
FNDA:8,fileMenu
FNDA:1,click
FNDA:0,click
FNDA:0,click
FNDA:0,click
FNDA:8,editMenu
FNDA:8,viewMenu
FNDA:0,click
FNDA:1,click
FNDA:1,click
FNDA:1,click
FNDA:1,click
FNDA:0,click
FNDA:0,click
FNDA:0,click
FNDA:8,terminalMenu
FNDA:0,click
FNDA:0,click
FNDA:8,windowMenu
FNDA:8,helpMenu
FNDA:0,click
FNDA:8,installAppMenu
DA:1,1
DA:7,5
DA:8,5
DA:9,5
DA:11,8
DA:12,8
DA:13,8
DA:14,8
DA:15,8
DA:16,8
DA:17,8
DA:18,8
DA:19,8
DA:20,8
DA:21,8
DA:22,8
DA:23,8
DA:24,8
DA:25,8
DA:26,8
DA:27,8
DA:28,8
DA:30,8
DA:33,8
DA:34,8
DA:35,8
DA:36,8
DA:37,8
DA:38,8
DA:39,8
DA:40,8
DA:41,8
DA:42,8
DA:43,8
DA:44,8
DA:45,8
DA:47,8
DA:48,8
DA:49,8
DA:50,8
DA:51,8
DA:52,8
DA:53,8
DA:54,8
DA:55,8
DA:56,8
DA:57,8
DA:58,8
DA:59,8
DA:60,8
DA:61,8
DA:62,8
DA:63,8
DA:64,8
DA:65,8
DA:66,1
DA:67,1
DA:68,8
DA:69,8
DA:71,8
DA:72,8
DA:73,8
DA:74,8
DA:75,8
DA:76,8
DA:77,8
DA:78,8
DA:79,8
DA:81,8
DA:82,8
DA:83,8
DA:85,8
DA:89,8
DA:90,8
DA:91,8
DA:92,8
DA:93,8
DA:94,8
DA:95,0
DA:96,0
DA:97,0
DA:98,0
DA:99,0
DA:100,0
DA:101,0
DA:102,8
DA:103,8
DA:104,8
DA:105,8
DA:110,1
DA:111,8
DA:112,8
DA:113,0
DA:114,0
DA:115,0
DA:116,0
DA:117,0
DA:118,0
DA:119,0
DA:120,0
DA:121,0
DA:122,0
DA:123,0
DA:124,0
DA:125,0
DA:126,0
DA:127,0
DA:128,0
DA:129,0
DA:130,0
DA:131,0
DA:132,0
DA:133,8
DA:135,8
DA:136,8
LF:115
LH:88
BRDA:7,0,0,5
BRDA:11,1,0,8
BRDA:15,2,0,1
BRDA:30,3,0,8
BRDA:47,4,0,8
BRDA:65,5,0,1
BRDA:50,6,0,1
BRDA:51,7,0,1
BRDA:52,8,0,1
BRDA:53,9,0,1
BRDA:71,10,0,8
BRDA:81,11,0,8
BRDA:85,12,0,8
BRDA:110,13,0,8
BRDA:112,14,0,0
BRF:15
BRH:14
end_of_record
TN:
SF:electron/main/auth-storage.ts
FN:13,sessionFilePath
FN:21,saveSession
FN:30,loadSession
FN:40,clearSession
FNF:4
FNH:4
FNDA:7,sessionFilePath
FNDA:3,saveSession
FNDA:4,loadSession
FNDA:2,clearSession
DA:1,1
DA:2,1
DA:3,1
DA:13,7
DA:14,7
DA:15,7
DA:21,3
DA:22,3
DA:23,2
DA:24,2
DA:25,2
DA:26,2
DA:30,4
DA:31,4
DA:32,3
DA:33,3
DA:34,1
DA:35,4
DA:36,2
DA:37,2
DA:38,4
DA:40,2
DA:41,2
DA:42,2
DA:43,1
DA:45,1
DA:46,2
LF:27
LH:27
BRDA:13,0,0,7
BRDA:21,1,0,3
BRDA:22,2,0,1
BRDA:22,3,0,2
BRDA:30,4,0,4
BRDA:31,5,0,1
BRDA:31,6,0,3
BRDA:33,7,0,1
BRDA:35,8,0,2
BRDA:40,9,0,2
BRDA:42,10,0,1
BRF:11
BRH:11
end_of_record
TN:
SF:electron/main/auto-updater.ts
FN:10,promptRestart
FN:32,installAutoUpdater
FN:57,stopAutoUpdater
FNF:3
FNH:3
FNDA:2,promptRestart
FNDA:6,installAutoUpdater
FNDA:1,stopAutoUpdater
DA:1,1
DA:2,1
DA:6,1
DA:8,1
DA:10,2
DA:11,2
DA:12,2
DA:13,2
DA:14,2
DA:15,2
DA:16,2
DA:17,2
DA:18,2
DA:19,2
DA:20,2
DA:21,2
DA:22,2
DA:23,2
DA:24,2
DA:32,1
DA:33,6
DA:34,1
DA:35,1
DA:36,1
DA:38,5
DA:39,5
DA:41,5
DA:42,0
DA:43,5
DA:44,5
DA:45,2
DA:46,2
DA:47,5
DA:48,5
DA:49,0
DA:50,5
DA:52,5
DA:53,5
DA:54,5
DA:57,1
DA:58,1
DA:59,1
DA:60,1
DA:61,1
DA:62,1
LF:45
LH:43
BRDA:10,0,0,2
BRDA:21,1,0,2
BRDA:22,2,0,1
BRDA:32,3,0,6
BRDA:33,4,0,1
BRDA:36,5,0,5
BRDA:44,6,0,2
BRDA:53,7,0,1
BRDA:57,8,0,1
BRF:9
BRH:9
end_of_record
TN:
SF:electron/main/browser-view.ts
FN:22,<instance_members_initializer>
FN:27,attachToWindow
FN:35,setStateChangeListener
FN:39,ensureView
FN:58,emitState
FN:69,emitState
FN:74,navigate
FN:79,goBack
FN:84,goForward
FN:89,reload
FN:93,setBounds
FN:100,hide
FN:105,getState
FN:117,destroy
FNF:14
FNH:14
FNDA:16,<instance_members_initializer>
FNDA:13,attachToWindow
FNDA:2,setStateChangeListener
FNDA:19,ensureView
FNDA:4,emitState
FNDA:4,emitState
FNDA:14,navigate
FNDA:2,goBack
FNDA:1,goForward
FNDA:1,reload
FNDA:1,setBounds
FNDA:2,hide
FNDA:7,getState
FNDA:1,destroy
DA:1,1
DA:6,1
DA:12,1
DA:22,1
DA:23,16
DA:24,16
DA:25,16
DA:27,16
DA:28,13
DA:29,13
DA:30,0
DA:31,0
DA:32,13
DA:33,13
DA:35,16
DA:36,2
DA:37,2
DA:39,16
DA:40,19
DA:41,19
DA:42,1
DA:43,1
DA:45,12
DA:46,12
DA:47,12
DA:48,12
DA:49,12
DA:50,12
DA:51,12
DA:52,12
DA:56,12
DA:58,12
DA:59,12
DA:60,12
DA:61,12
DA:62,12
DA:63,12
DA:65,12
DA:66,12
DA:67,19
DA:69,16
DA:70,4
DA:71,4
DA:72,4
DA:74,16
DA:75,14
DA:76,14
DA:77,14
DA:79,16
DA:80,2
DA:81,2
DA:82,2
DA:84,16
DA:85,1
DA:86,1
DA:87,1
DA:89,16
DA:90,1
DA:91,1
DA:93,16
DA:94,1
DA:95,1
DA:100,16
DA:101,2
DA:102,1
DA:103,2
DA:105,16
DA:106,7
DA:107,5
DA:108,5
DA:109,5
DA:110,5
DA:111,5
DA:112,5
DA:113,5
DA:114,5
DA:115,7
DA:117,16
DA:118,1
DA:119,1
DA:120,1
DA:121,1
DA:122,1
DA:123,16
DA:127,1
LF:85
LH:83
BRDA:22,0,0,16
BRDA:27,1,0,13
BRDA:35,2,0,2
BRDA:39,3,0,19
BRDA:40,4,0,6
BRDA:40,5,0,13
BRDA:41,6,0,1
BRDA:43,7,0,12
BRDA:58,8,0,4
BRDA:69,9,0,4
BRDA:70,10,0,0
BRDA:74,11,0,14
BRDA:76,12,0,13
BRDA:79,13,0,2
BRDA:81,14,0,1
BRDA:84,15,0,1
BRDA:89,16,0,1
BRDA:93,17,0,1
BRDA:100,18,0,2
BRDA:101,19,0,1
BRDA:105,20,0,7
BRDA:106,21,0,2
BRDA:106,22,0,5
BRDA:117,23,0,1
BRF:24
BRH:23
end_of_record
TN:
SF:electron/main/docker-log-stream.ts
FN:9,broadcast
FN:20,<instance_members_initializer>
FN:23,start
FN:48,stop
FN:56,stopAll
FNF:5
FNH:5
FNDA:3,broadcast
FNDA:7,<instance_members_initializer>
FNDA:11,start
FNDA:3,stop
FNDA:1,stopAll
DA:1,1
DA:2,1
DA:4,1
DA:9,3
DA:10,3
DA:11,3
DA:12,3
DA:13,3
DA:20,1
DA:21,7
DA:23,7
DA:24,11
DA:26,10
DA:28,10
DA:29,1
DA:30,10
DA:31,10
DA:35,1
DA:36,10
DA:37,10
DA:38,1
DA:39,1
DA:40,10
DA:41,10
DA:42,0
DA:43,10
DA:45,10
DA:46,11
DA:48,7
DA:49,3
DA:50,3
DA:51,3
DA:52,3
DA:53,3
DA:56,7
DA:57,1
DA:58,1
DA:59,7
DA:61,1
LF:39
LH:38
BRDA:9,0,0,3
BRDA:20,1,0,7
BRDA:23,2,0,11
BRDA:24,3,0,1
BRDA:24,4,0,10
BRDA:28,5,0,1
BRDA:31,6,0,1
BRDA:37,7,0,1
BRDA:48,8,0,3
BRDA:50,9,0,0
BRDA:56,10,0,1
BRDA:57,11,0,2
BRF:12
BRH:11
end_of_record
TN:
SF:electron/main/docker-service.ts
FN:27,run
FN:37,listContainers
FN:56,start
FN:60,stop
FN:64,restart
FN:73,normalizeState
FNF:6
FNH:6
FNDA:9,run
FNDA:4,listContainers
FNDA:1,start
FNDA:3,stop
FNDA:1,restart
FNDA:20,normalizeState
DA:1,1
DA:2,1
DA:5,1
DA:7,1
DA:9,1
DA:26,1
DA:27,1
DA:28,9
DA:29,9
DA:30,8
DA:31,9
DA:32,1
DA:33,1
DA:34,1
DA:35,9
DA:37,1
DA:38,4
DA:39,4
DA:40,4
DA:41,4
DA:42,4
DA:43,20
DA:44,20
DA:45,20
DA:46,20
DA:47,20
DA:48,20
DA:49,20
DA:50,20
DA:51,20
DA:52,20
DA:53,4
DA:54,4
DA:56,1
DA:57,1
DA:58,1
DA:60,1
DA:61,3
DA:62,3
DA:64,1
DA:65,1
DA:66,1
DA:67,1
DA:73,20
DA:74,20
DA:75,20
DA:76,20
DA:77,20
DA:78,20
DA:79,20
DA:80,20
DA:81,20
DA:82,20
DA:83,20
DA:84,20
LF:55
LH:55
BRDA:27,0,0,9
BRDA:29,1,0,8
BRDA:31,2,0,1
BRDA:32,3,0,0
BRDA:37,4,0,4
BRDA:41,5,0,24
BRDA:42,6,0,20
BRDA:56,7,0,1
BRDA:60,8,0,3
BRDA:61,9,0,2
BRDA:64,10,0,1
BRDA:73,11,0,20
BRDA:83,12,0,0
BRF:13
BRH:11
end_of_record
TN:
SF:electron/main/git-service.ts
FN:18,GitService
FN:20,run
FN:33,status
FN:38,stage
FN:43,unstage
FN:60,commit
FN:64,diff
FN:71,log
FN:84,branches
FN:100,showFile
FN:108,checkout
FN:112,push
FN:116,pull
FNF:13
FNH:11
FNDA:12,GitService
FNDA:35,run
FNDA:5,status
FNDA:12,stage
FNDA:2,unstage
FNDA:8,commit
FNDA:1,diff
FNDA:2,log
FNDA:1,branches
FNDA:2,showFile
FNDA:1,checkout
FNDA:0,push
FNDA:0,pull
DA:1,1
DA:2,1
DA:3,1
DA:6,1
DA:8,1
DA:10,1
DA:17,1
DA:18,1
DA:20,1
DA:21,35
DA:22,35
DA:23,35
DA:24,35
DA:25,35
DA:26,32
DA:27,35
DA:28,3
DA:29,3
DA:30,3
DA:31,35
DA:33,1
DA:34,5
DA:35,5
DA:36,5
DA:38,1
DA:39,12
DA:40,12
DA:41,12
DA:43,1
DA:44,2
DA:45,2
DA:46,2
DA:47,1
DA:52,1
DA:53,1
DA:54,1
DA:55,1
DA:56,0
DA:57,0
DA:58,2
DA:60,1
DA:61,8
DA:62,8
DA:64,1
DA:65,1
DA:66,1
DA:67,1
DA:68,1
DA:69,1
DA:71,1
DA:74,2
DA:75,2
DA:76,2
DA:77,2
DA:78,2
DA:79,3
DA:80,3
DA:81,2
DA:82,2
DA:84,1
DA:85,1
DA:86,1
DA:87,1
DA:88,1
DA:89,1
DA:90,1
DA:91,1
DA:92,1
DA:93,1
DA:100,1
DA:101,2
DA:102,2
DA:103,2
DA:104,1
DA:105,1
DA:106,2
DA:108,1
DA:109,1
DA:110,1
DA:112,1
DA:113,0
DA:114,0
DA:116,1
DA:117,0
DA:118,0
DA:119,1
LF:86
LH:80
BRDA:18,0,0,12
BRDA:20,1,0,35
BRDA:25,2,0,32
BRDA:27,3,0,3
BRDA:28,4,0,0
BRDA:33,5,0,5
BRDA:38,6,0,12
BRDA:39,7,0,0
BRDA:43,8,0,2
BRDA:44,9,0,0
BRDA:46,10,0,1
BRDA:55,11,0,0
BRDA:60,12,0,8
BRDA:64,13,0,1
BRDA:67,14,0,0
BRDA:71,15,0,2
BRDA:75,16,0,0
BRDA:77,17,0,0
BRDA:78,18,0,3
BRDA:80,19,0,0
BRDA:84,20,0,1
BRDA:88,21,0,2
BRDA:89,22,0,1
BRDA:100,23,0,2
BRDA:103,24,0,1
BRDA:108,25,0,1
BRDA:109,26,0,0
BRF:27
BRH:18
end_of_record
TN:
SF:electron/main/index.ts
FN:1,(empty-report)
FNF:1
FNH:0
FNDA:0,(empty-report)
DA:1,0
DA:2,0
DA:3,0
DA:4,0
DA:5,0
DA:6,0
DA:7,0
DA:8,0
DA:9,0
DA:10,0
DA:11,0
DA:12,0
DA:13,0
DA:14,0
DA:15,0
DA:20,0
DA:22,0
DA:25,0
DA:27,0
DA:28,0
DA:29,0
DA:30,0
DA:31,0
DA:32,0
DA:33,0
DA:34,0
DA:35,0
DA:36,0
DA:37,0
DA:38,0
DA:39,0
DA:41,0
DA:42,0
DA:44,0
DA:45,0
DA:46,0
DA:47,0
DA:48,0
DA:49,0
DA:51,0
DA:52,0
DA:53,0
DA:54,0
DA:55,0
DA:56,0
DA:57,0
DA:58,0
DA:59,0
DA:61,0
DA:62,0
DA:63,0
DA:64,0
DA:65,0
DA:67,0
DA:68,0
DA:69,0
DA:70,0
DA:72,0
DA:73,0
DA:74,0
DA:75,0
DA:76,0
DA:77,0
LF:63
LH:0
BRDA:1,0,0,0
BRF:1
BRH:0
end_of_record
TN:
SF:electron/main/protocol-handler.ts
FN:16,registerAppProtocolAsPrivileged
FN:36,installAppProtocolHandler
FNF:2
FNH:2
FNDA:1,registerAppProtocolAsPrivileged
FNDA:5,installAppProtocolHandler
DA:1,1
DA:2,1
DA:3,1
DA:11,1
DA:12,1
DA:16,1
DA:17,1
DA:18,1
DA:19,1
DA:20,1
DA:21,1
DA:22,1
DA:23,1
DA:24,1
DA:25,1
DA:26,1
DA:27,1
DA:28,1
DA:29,1
DA:36,1
DA:37,5
DA:39,5
DA:40,5
DA:41,5
DA:42,1
DA:43,1
DA:45,5
DA:46,5
DA:48,5
DA:49,0
DA:50,0
DA:52,4
DA:53,4
DA:54,5
DA:55,1
DA:56,1
DA:57,5
DA:58,5
LF:38
LH:36
BRDA:16,0,0,1
BRDA:36,1,0,5
BRDA:39,2,0,5
BRDA:41,3,0,1
BRDA:43,4,0,4
BRDA:45,5,0,1
BRDA:45,6,0,3
BRDA:48,7,0,4
BRDA:48,8,0,0
BRDA:50,9,0,4
BRDA:54,10,0,1
BRF:11
BRH:10
end_of_record
TN:
SF:electron/main/pty-manager.ts
FN:25,getDefaultShell
FN:32,broadcast
FN:38,<instance_members_initializer>
FN:41,create
FN:78,write
FN:82,resize
FN:87,kill
FN:95,killAll
FNF:8
FNH:8
FNDA:10,getDefaultShell
FNDA:2,broadcast
FNDA:11,<instance_members_initializer>
FNDA:12,create
FNDA:4,write
FNDA:3,resize
FNDA:3,kill
FNDA:1,killAll
DA:1,1
DA:2,1
DA:3,1
DA:22,1
DA:23,1
DA:25,10
DA:26,10
DA:27,10
DA:28,10
DA:32,2
DA:33,2
DA:34,2
DA:35,2
DA:36,2
DA:38,1
DA:39,11
DA:41,11
DA:42,12
DA:43,12
DA:44,12
DA:46,12
DA:47,12
DA:48,12
DA:49,12
DA:50,12
DA:51,12
DA:52,12
DA:53,12
DA:54,12
DA:55,12
DA:56,12
DA:57,12
DA:58,12
DA:60,12
DA:62,12
DA:63,1
DA:64,12
DA:66,12
DA:67,1
DA:68,0
DA:69,0
DA:70,1
DA:71,1
DA:72,12
DA:74,12
DA:75,12
DA:76,12
DA:78,11
DA:79,4
DA:80,4
DA:82,11
DA:83,3
DA:84,3
DA:85,3
DA:87,11
DA:88,3
DA:89,3
DA:90,3
DA:91,3
DA:92,3
DA:95,11
DA:96,1
DA:97,1
DA:98,11
DA:100,1
LF:65
LH:63
BRDA:25,0,0,10
BRDA:26,1,0,0
BRDA:27,2,0,0
BRDA:32,3,0,2
BRDA:38,4,0,11
BRDA:41,5,0,12
BRDA:43,6,0,11
BRDA:43,7,0,10
BRDA:44,8,0,1
BRDA:44,9,0,0
BRDA:44,10,0,11
BRDA:62,11,0,1
BRDA:66,12,0,1
BRDA:67,13,0,0
BRDA:78,14,0,4
BRDA:79,15,0,1
BRDA:82,16,0,3
BRDA:83,17,0,2
BRDA:83,18,0,2
BRDA:83,19,0,1
BRDA:87,20,0,3
BRDA:89,21,0,0
BRDA:95,22,0,1
BRDA:96,23,0,2
BRF:24
BRH:19
end_of_record
TN:
SF:electron/main/workspace-state.ts
FN:3,getWorkspaceRoot
FN:7,setWorkspaceRoot
FNF:2
FNH:2
FNDA:6,getWorkspaceRoot
FNDA:15,setWorkspaceRoot
DA:1,1
DA:3,1
DA:4,6
DA:5,6
DA:7,1
DA:8,15
DA:9,15
LF:7
LH:7
BRDA:3,0,0,6
BRDA:7,1,0,15
BRF:2
BRH:2
end_of_record
TN:
SF:electron/main/ipc/auth-handlers.ts
FN:5,registerAuthHandlers
FNF:1
FNH:1
FNDA:3,registerAuthHandlers
DA:1,1
DA:2,1
DA:5,1
DA:6,3
DA:7,1
DA:8,1
DA:9,3
DA:11,3
DA:12,1
DA:13,1
DA:14,3
DA:16,3
DA:17,1
DA:18,1
DA:19,3
DA:20,3
LF:16
LH:16
BRDA:5,0,0,3
BRDA:6,1,0,1
BRDA:11,2,0,1
BRDA:16,3,0,1
BRF:4
BRH:4
end_of_record
TN:
SF:electron/main/ipc/browser-handlers.ts
FN:6,toError
FN:10,registerBrowserHandlers
FNF:2
FNH:2
FNDA:1,toError
FNDA:10,registerBrowserHandlers
DA:1,1
DA:2,1
DA:6,1
DA:7,1
DA:8,1
DA:10,1
DA:14,10
DA:15,1
DA:16,2
DA:17,2
DA:18,10
DA:20,10
DA:21,2
DA:22,2
DA:23,1
DA:24,1
DA:25,1
DA:26,1
DA:27,10
DA:29,10
DA:30,1
DA:31,1
DA:32,10
DA:34,10
DA:35,1
DA:36,1
DA:37,10
DA:39,10
DA:40,1
DA:41,1
DA:42,10
DA:46,10
DA:47,1
DA:48,10
DA:50,10
DA:51,1
DA:52,10
DA:54,10
DA:55,1
DA:56,10
DA:57,10
LF:41
LH:41
BRDA:6,0,0,1
BRDA:7,1,0,0
BRDA:10,2,0,10
BRDA:14,3,0,1
BRDA:15,4,0,2
BRDA:20,5,0,2
BRDA:22,6,0,1
BRDA:29,7,0,1
BRDA:34,8,0,1
BRDA:39,9,0,1
BRDA:46,10,0,1
BRDA:50,11,0,1
BRDA:54,12,0,1
BRF:13
BRH:12
end_of_record
TN:
SF:electron/main/ipc/docker-handlers.ts
FN:12,toError
FN:18,registerDockerHandlers
FNF:2
FNH:2
FNDA:1,toError
FNDA:9,registerDockerHandlers
DA:1,1
DA:2,1
DA:3,1
DA:4,1
DA:5,1
DA:6,1
DA:10,1
DA:12,1
DA:13,1
DA:14,0
DA:15,0
DA:16,0
DA:18,1
DA:19,9
DA:20,2
DA:21,2
DA:22,1
DA:23,1
DA:24,1
DA:25,1
DA:26,9
DA:28,9
DA:29,1
DA:30,1
DA:31,1
DA:32,1
DA:33,0
DA:34,0
DA:35,9
DA:37,9
DA:38,1
DA:39,1
DA:40,1
DA:41,1
DA:42,0
DA:43,0
DA:44,9
DA:46,9
DA:47,1
DA:48,1
DA:49,1
DA:50,1
DA:51,0
DA:52,0
DA:53,9
DA:55,9
DA:56,1
DA:57,9
DA:59,9
DA:60,1
DA:61,9
DA:67,9
DA:68,2
DA:69,2
DA:70,2
DA:71,2
DA:72,2
DA:73,0
DA:74,0
DA:75,0
DA:76,0
DA:77,9
DA:78,9
LF:63
LH:50
BRDA:12,0,0,1
BRDA:13,1,0,0
BRDA:18,2,0,9
BRDA:19,3,0,2
BRDA:21,4,0,1
BRDA:28,5,0,1
BRDA:32,6,0,0
BRDA:37,7,0,1
BRDA:41,8,0,0
BRDA:46,9,0,1
BRDA:50,10,0,0
BRDA:55,11,0,1
BRDA:59,12,0,1
BRDA:67,13,0,2
BRDA:69,14,0,1
BRDA:72,15,0,0
BRF:16
BRH:11
end_of_record
TN:
SF:electron/main/ipc/file-handlers.ts
FN:1,(empty-report)
FNF:1
FNH:0
FNDA:0,(empty-report)
DA:1,0
DA:2,0
DA:3,0
DA:4,0
DA:5,0
DA:9,0
DA:10,0
DA:11,0
DA:12,0
DA:13,0
DA:15,0
DA:16,0
DA:17,0
DA:18,0
DA:19,0
DA:21,0
DA:22,0
DA:23,0
DA:24,0
DA:25,0
DA:26,0
DA:27,0
DA:28,0
DA:29,0
DA:30,0
DA:31,0
DA:32,0
DA:33,0
DA:34,0
DA:39,0
DA:41,0
DA:42,0
DA:43,0
DA:44,0
DA:45,0
DA:46,0
DA:48,0
DA:49,0
DA:50,0
DA:52,0
DA:53,0
DA:54,0
DA:55,0
DA:56,0
DA:57,0
DA:58,0
DA:59,0
DA:60,0
DA:62,0
DA:63,0
DA:64,0
DA:65,0
DA:66,0
DA:67,0
DA:68,0
DA:69,0
DA:70,0
DA:71,0
DA:73,0
DA:74,0
DA:75,0
DA:76,0
DA:77,0
DA:78,0
DA:79,0
DA:80,0
DA:81,0
DA:82,0
DA:83,0
DA:84,0
DA:86,0
DA:87,0
DA:88,0
DA:89,0
DA:90,0
DA:91,0
DA:92,0
DA:93,0
DA:95,0
DA:96,0
DA:97,0
DA:98,0
DA:99,0
DA:100,0
DA:101,0
DA:102,0
DA:103,0
DA:104,0
DA:105,0
DA:106,0
DA:107,0
DA:108,0
DA:109,0
DA:111,0
DA:112,0
DA:113,0
DA:114,0
DA:115,0
DA:116,0
DA:118,0
DA:119,0
DA:120,0
DA:121,0
DA:123,0
DA:124,0
DA:125,0
DA:127,0
DA:128,0
DA:129,0
DA:130,0
DA:131,0
DA:133,0
DA:134,0
DA:135,0
DA:136,0
DA:137,0
DA:138,0
DA:139,0
DA:140,0
DA:141,0
DA:142,0
DA:143,0
DA:144,0
DA:145,0
DA:147,0
DA:148,0
DA:149,0
DA:150,0
DA:151,0
DA:152,0
DA:153,0
DA:154,0
DA:155,0
DA:156,0
LF:134
LH:0
BRDA:1,0,0,0
BRF:1
BRH:0
end_of_record
TN:
SF:electron/main/ipc/git-handlers.ts
FN:8,toError
FN:18,serviceForCurrentWorkspace
FN:29,assertPathsInWorkspace
FN:37,registerGitHandlers
FNF:4
FNH:4
FNDA:5,toError
FNDA:13,serviceForCurrentWorkspace
FNDA:7,assertPathsInWorkspace
FNDA:16,registerGitHandlers
DA:1,1
DA:2,1
DA:3,1
DA:4,1
DA:8,5
DA:9,5
DA:10,2
DA:11,0
DA:12,0
DA:18,13
DA:19,13
DA:20,13
DA:21,12
DA:22,12
DA:29,7
DA:30,7
DA:31,7
DA:32,7
DA:33,7
DA:34,7
DA:35,4
DA:37,1
DA:38,16
DA:39,2
DA:40,2
DA:41,1
DA:42,1
DA:43,1
DA:44,1
DA:45,16
DA:47,16
DA:48,2
DA:49,2
DA:50,2
DA:51,1
DA:52,1
DA:53,1
DA:54,1
DA:55,16
DA:57,16
DA:58,1
DA:59,1
DA:60,1
DA:61,1
DA:62,1
DA:63,0
DA:64,0
DA:65,16
DA:67,16
DA:68,2
DA:69,2
DA:70,1
DA:71,1
DA:72,1
DA:73,1
DA:74,16
DA:76,16
DA:77,16
DA:78,16
DA:79,2
DA:80,2
DA:81,1
DA:82,1
DA:83,1
DA:84,1
DA:85,1
DA:86,2
DA:87,16
DA:89,16
DA:90,16
DA:91,16
DA:92,2
DA:93,2
DA:94,2
DA:95,1
DA:96,1
DA:97,1
DA:98,1
DA:99,2
DA:100,16
DA:102,16
DA:103,16
DA:104,16
DA:105,1
DA:106,1
DA:107,1
DA:108,1
DA:109,0
DA:110,0
DA:111,1
DA:112,16
DA:114,16
DA:115,1
DA:116,1
DA:117,1
DA:118,1
DA:119,0
DA:120,0
DA:121,16
DA:123,16
DA:124,1
DA:125,1
DA:126,1
DA:127,1
DA:128,0
DA:129,0
DA:130,16
DA:132,16
DA:133,1
DA:134,1
DA:135,1
DA:136,1
DA:137,0
DA:138,0
DA:139,16
DA:141,16
DA:142,1
DA:143,1
DA:144,1
DA:145,1
DA:146,0
DA:147,0
DA:148,16
DA:149,16
LF:124
LH:110
BRDA:8,0,0,5
BRDA:9,1,0,3
BRDA:9,2,0,2
BRDA:10,3,0,0
BRDA:18,4,0,13
BRDA:20,5,0,1
BRDA:20,6,0,12
BRDA:29,7,0,7
BRDA:31,8,0,0
BRDA:34,9,0,4
BRDA:37,10,0,16
BRDA:38,11,0,2
BRDA:40,12,0,1
BRDA:47,13,0,2
BRDA:50,14,0,1
BRDA:57,15,0,1
BRDA:62,16,0,0
BRDA:67,17,0,2
BRDA:69,18,0,1
BRDA:78,19,0,2
BRDA:80,20,0,1
BRDA:91,21,0,2
BRDA:94,22,0,1
BRDA:104,23,0,1
BRDA:108,24,0,0
BRDA:114,25,0,1
BRDA:118,26,0,0
BRDA:123,27,0,1
BRDA:127,28,0,0
BRDA:132,29,0,1
BRDA:136,30,0,0
BRDA:141,31,0,1
BRDA:145,32,0,0
BRF:33
BRH:25
end_of_record
TN:
SF:electron/main/ipc/shell-handlers.ts
FN:1,(empty-report)
FNF:1
FNH:0
FNDA:0,(empty-report)
DA:1,0
DA:2,0
DA:3,0
DA:6,0
DA:7,0
DA:8,0
DA:9,0
DA:10,0
DA:12,0
DA:13,0
DA:14,0
DA:15,0
DA:16,0
DA:17,0
DA:18,0
DA:19,0
DA:20,0
DA:21,0
DA:22,0
DA:23,0
DA:24,0
DA:25,0
DA:26,0
DA:27,0
LF:24
LH:0
BRDA:1,0,0,0
BRF:1
BRH:0
end_of_record
TN:
SF:electron/main/ipc/terminal-handlers.ts
FN:7,toError
FN:13,registerTerminalHandlers
FNF:2
FNH:2
FNDA:2,toError
FNDA:7,registerTerminalHandlers
DA:1,1
DA:2,1
DA:3,1
DA:4,1
DA:7,2
DA:8,2
DA:9,1
DA:10,0
DA:11,0
DA:13,1
DA:14,7
DA:15,7
DA:16,7
DA:17,4
DA:18,4
DA:19,4
DA:20,4
DA:21,4
DA:22,4
DA:23,4
DA:24,2
DA:25,2
DA:26,2
DA:27,2
DA:28,4
DA:29,7
DA:31,7
DA:32,1
DA:33,7
DA:35,7
DA:36,1
DA:37,7
DA:39,7
DA:40,1
DA:41,1
DA:42,7
DA:43,7
LF:37
LH:35
BRDA:7,0,0,2
BRDA:8,1,0,1
BRDA:9,2,0,0
BRDA:13,3,0,7
BRDA:16,4,0,4
BRDA:19,5,0,1
BRDA:19,6,0,3
BRDA:20,7,0,1
BRDA:23,8,0,2
BRDA:31,9,0,1
BRDA:35,10,0,1
BRDA:39,11,0,1
BRF:12
BRH:11
end_of_record
TN:
SF:electron/main/ipc/workspace-handlers.ts
FN:6,registerWorkspaceHandlers
FNF:1
FNH:1
FNDA:6,registerWorkspaceHandlers
DA:1,1
DA:2,1
DA:3,1
DA:6,1
DA:7,6
DA:8,2
DA:9,2
DA:10,1
DA:11,1
DA:12,1
DA:13,2
DA:14,1
DA:15,1
DA:16,6
DA:22,6
DA:23,3
DA:24,3
DA:25,3
DA:26,1
DA:27,1
DA:28,3
DA:29,1
DA:30,1
DA:31,1
DA:32,1
DA:33,6
DA:35,6
DA:36,1
DA:37,6
DA:38,6
LF:30
LH:30
BRDA:6,0,0,6
BRDA:7,1,0,2
BRDA:9,2,0,1
BRDA:9,3,0,1
BRDA:13,4,0,0
BRDA:13,5,0,1
BRDA:22,6,0,3
BRDA:24,7,0,2
BRDA:25,8,0,1
BRDA:28,9,0,1
BRDA:35,10,0,1
BRF:11
BRH:10
end_of_record
TN:
SF:electron/main/lib/git-status-parser.ts
FN:14,emptyResult
FN:32,parsePorcelainV2
FNF:2
FNH:2
FNDA:13,emptyResult
FNDA:13,parsePorcelainV2
DA:5,1
DA:6,1
DA:7,1
DA:8,1
DA:9,1
DA:10,1
DA:11,1
DA:12,1
DA:14,13
DA:15,13
DA:16,13
DA:17,13
DA:18,13
DA:19,13
DA:20,13
DA:21,13
DA:22,13
DA:23,13
DA:24,13
DA:25,13
DA:32,1
DA:33,13
DA:35,13
DA:36,52
DA:38,52
DA:39,13
DA:40,13
DA:41,13
DA:42,13
DA:43,52
DA:44,1
DA:45,1
DA:46,1
DA:47,52
DA:48,1
DA:49,1
DA:50,1
DA:51,1
DA:52,1
DA:53,1
DA:54,1
DA:55,24
DA:57,52
DA:58,4
DA:59,4
DA:60,4
DA:61,7
DA:63,52
DA:66,2
DA:67,2
DA:68,2
DA:69,2
DA:70,2
DA:72,52
DA:73,4
DA:74,4
DA:75,4
DA:76,4
DA:77,4
DA:81,4
DA:82,4
DA:83,4
DA:85,4
DA:86,4
DA:87,4
DA:88,4
DA:89,1
DA:90,1
DA:91,4
DA:92,52
DA:94,13
DA:95,13
LF:72
LH:72
BRDA:14,0,0,13
BRDA:32,1,0,13
BRDA:35,2,0,52
BRDA:36,3,0,13
BRDA:36,4,0,39
BRDA:38,5,0,13
BRDA:40,6,0,1
BRDA:40,7,0,12
BRDA:42,8,0,26
BRDA:43,9,0,1
BRDA:46,10,0,25
BRDA:47,11,0,1
BRDA:54,12,0,24
BRDA:55,13,0,37
BRDA:55,14,0,13
BRDA:55,15,0,11
BRDA:57,16,0,4
BRDA:60,17,0,7
BRDA:61,18,0,1
BRDA:61,19,0,6
BRDA:63,20,0,33
BRDA:63,21,0,2
BRDA:70,22,0,4
BRDA:72,23,0,1
BRDA:72,24,0,4
BRDA:74,25,0,0
BRDA:81,26,0,1
BRDA:81,27,0,3
BRDA:83,28,0,0
BRDA:86,29,0,0
BRDA:88,30,0,1
BRDA:89,31,0,0
BRF:32
BRH:28
end_of_record
TN:
SF:electron/main/lib/workspace-path.ts
FN:5,resolveWorkspacePath
FNF:1
FNH:1
FNDA:10,resolveWorkspacePath
DA:1,1
DA:3,1
DA:5,1
DA:6,10
DA:7,10
DA:8,4
DA:9,4
DA:11,6
DA:13,10
DA:14,0
DA:15,0
DA:17,6
DA:18,6
LF:13
LH:11
BRDA:5,0,0,10
BRDA:7,1,0,4
BRDA:9,2,0,7
BRDA:9,3,0,6
BRDA:13,4,0,5
BRDA:13,5,0,0
BRDA:15,6,0,6
BRF:7
BRH:6
end_of_record
TN:
SF:src/App.tsx
FN:1,(empty-report)
FNF:1
FNH:0
FNDA:0,(empty-report)
DA:1,0
DA:2,0
DA:3,0
DA:4,0
DA:5,0
DA:6,0
DA:7,0
DA:8,0
DA:9,0
DA:10,0
DA:11,0
DA:12,0
DA:13,0
DA:14,0
DA:19,0
DA:20,0
DA:21,0
DA:26,0
DA:27,0
DA:28,0
DA:29,0
DA:30,0
DA:31,0
DA:32,0
DA:33,0
DA:34,0
DA:35,0
DA:36,0
DA:37,0
DA:38,0
DA:39,0
DA:40,0
DA:44,0
DA:45,0
DA:46,0
DA:47,0
DA:48,0
DA:49,0
DA:50,0
DA:51,0
DA:53,0
DA:54,0
DA:57,0
DA:58,0
DA:60,0
DA:61,0
DA:62,0
DA:63,0
DA:64,0
DA:65,0
DA:66,0
DA:67,0
DA:68,0
DA:70,0
DA:74,0
DA:75,0
DA:76,0
DA:81,0
DA:82,0
DA:83,0
DA:84,0
DA:85,0
DA:87,0
DA:88,0
DA:89,0
DA:90,0
DA:91,0
DA:92,0
DA:93,0
DA:94,0
DA:95,0
DA:96,0
DA:100,0
DA:101,0
DA:102,0
DA:103,0
DA:104,0
DA:105,0
DA:106,0
DA:107,0
DA:108,0
DA:109,0
DA:110,0
DA:111,0
DA:112,0
DA:113,0
DA:114,0
DA:115,0
DA:116,0
DA:117,0
DA:118,0
DA:119,0
DA:120,0
DA:121,0
DA:122,0
DA:123,0
DA:124,0
DA:125,0
DA:126,0
DA:127,0
DA:128,0
DA:129,0
DA:130,0
DA:131,0
DA:132,0
DA:133,0
DA:134,0
DA:135,0
DA:136,0
DA:137,0
DA:138,0
DA:139,0
DA:140,0
DA:141,0
DA:142,0
DA:143,0
DA:144,0
DA:145,0
DA:146,0
DA:147,0
DA:148,0
DA:149,0
DA:150,0
DA:151,0
DA:152,0
DA:153,0
DA:154,0
DA:155,0
DA:156,0
DA:157,0
DA:158,0
DA:159,0
DA:160,0
DA:161,0
DA:162,0
DA:163,0
DA:164,0
DA:165,0
DA:166,0
DA:167,0
DA:168,0
DA:169,0
DA:170,0
DA:171,0
DA:172,0
DA:173,0
DA:174,0
DA:175,0
DA:176,0
DA:177,0
DA:178,0
DA:179,0
DA:180,0
DA:181,0
DA:182,0
DA:183,0
DA:184,0
DA:185,0
DA:186,0
DA:187,0
DA:188,0
DA:189,0
DA:190,0
DA:191,0
DA:192,0
DA:194,0
DA:195,0
DA:196,0
DA:197,0
DA:199,0
DA:200,0
DA:201,0
DA:202,0
DA:203,0
DA:204,0
DA:205,0
DA:206,0
DA:207,0
DA:208,0
DA:209,0
DA:210,0
DA:211,0
DA:212,0
DA:213,0
DA:214,0
DA:215,0
DA:216,0
DA:217,0
DA:218,0
DA:219,0
DA:220,0
DA:221,0
DA:222,0
DA:224,0
DA:227,0
DA:228,0
DA:229,0
DA:230,0
DA:231,0
DA:233,0
DA:234,0
DA:235,0
DA:236,0
DA:238,0
DA:239,0
DA:240,0
DA:241,0
DA:242,0
DA:243,0
DA:244,0
DA:245,0
DA:246,0
DA:247,0
DA:248,0
DA:250,0
LF:215
LH:0
BRDA:1,0,0,0
BRF:1
BRH:0
end_of_record
TN:
SF:src/vite-env.d.ts
FN:1,(empty-report)
FNF:1
FNH:1
FNDA:1,(empty-report)
LF:0
LH:0
BRDA:1,0,0,1
BRF:1
BRH:1
end_of_record
TN:
SF:src/components/ui/Badge.tsx
FN:7,Badge
FNF:1
FNH:1
FNDA:7,Badge
DA:7,1
DA:8,7
DA:9,7
DA:11,7
DA:12,7
DA:13,7
DA:14,7
DA:15,7
DA:16,7
DA:17,7
DA:19,7
DA:20,7
DA:22,7
LF:13
LH:13
BRDA:7,0,0,7
BRDA:8,1,0,2
BRDA:8,2,0,5
BRDA:9,3,0,1
BRDA:9,4,0,4
BRDA:16,5,0,1
BRDA:16,6,0,4
BRF:7
BRH:7
end_of_record
TN:
SF:src/components/ui/Button.tsx
FN:24,Button
FNF:1
FNH:1
FNDA:569,Button
DA:11,1
DA:12,1
DA:13,1
DA:14,1
DA:15,1
DA:16,1
DA:18,1
DA:19,1
DA:20,1
DA:21,1
DA:22,1
DA:24,1
DA:25,569
DA:26,569
DA:27,569
DA:28,569
DA:29,569
DA:30,569
DA:31,569
DA:32,569
DA:33,569
DA:34,569
DA:35,569
DA:36,569
DA:37,569
DA:38,569
DA:39,569
DA:40,569
DA:41,569
DA:42,569
DA:43,569
DA:44,569
DA:45,569
DA:46,569
DA:48,569
DA:49,569
DA:50,569
DA:52,569
LF:38
LH:38
BRDA:24,0,0,569
BRDA:45,1,0,382
BRF:2
BRH:2
end_of_record
TN:
SF:src/components/ui/ContextMenu.tsx
FN:17,ContextMenu
FNF:1
FNH:1
FNDA:2,ContextMenu
DA:2,1
DA:17,1
DA:18,2
DA:19,2
DA:20,2
DA:21,2
DA:22,2
DA:23,2
DA:24,3
DA:25,3
DA:26,3
DA:27,3
DA:28,3
DA:29,3
DA:30,3
DA:31,3
DA:32,3
DA:33,3
DA:35,3
DA:36,3
DA:37,2
DA:38,2
DA:39,2
DA:40,2
DA:42,2
LF:25
LH:25
BRDA:17,0,0,2
BRDA:23,1,0,3
BRDA:32,2,0,1
BRDA:32,3,0,2
BRF:4
BRH:4
end_of_record
TN:
SF:src/components/ui/Dialog.tsx
FN:22,Dialog
FN:34,onOpenChange
FNF:2
FNH:1
FNDA:103,Dialog
FNDA:0,onOpenChange
DA:2,1
DA:3,1
DA:15,1
DA:16,1
DA:17,1
DA:18,1
DA:19,1
DA:20,1
DA:22,1
DA:23,103
DA:24,103
DA:25,103
DA:26,103
DA:27,103
DA:28,103
DA:29,103
DA:30,103
DA:31,103
DA:32,103
DA:33,103
DA:34,103
DA:35,0
DA:36,0
DA:38,103
DA:39,103
DA:40,103
DA:41,103
DA:42,103
DA:43,103
DA:44,103
DA:45,103
DA:47,103
DA:48,103
DA:49,103
DA:50,103
DA:51,103
DA:52,103
DA:53,70
DA:54,70
DA:55,70
DA:57,103
DA:58,103
DA:59,103
DA:60,103
DA:62,103
DA:63,103
DA:64,103
DA:65,103
DA:66,103
DA:67,103
DA:68,103
DA:69,103
DA:71,103
LF:53
LH:51
BRDA:22,0,0,103
BRDA:52,1,0,70
BRDA:66,2,0,70
BRF:3
BRH:3
end_of_record
TN:
SF:src/components/ui/EmptyState.tsx
FN:11,EmptyState
FNF:1
FNH:1
FNDA:30,EmptyState
DA:11,1
DA:12,30
DA:13,30
DA:14,30
DA:15,30
DA:16,30
DA:18,30
LF:7
LH:7
BRDA:11,0,0,30
BRF:1
BRH:1
end_of_record
TN:
SF:src/components/ui/Input.tsx
FN:12,Input
FN:38,onChange
FNF:2
FNH:2
FNDA:146,Input
FNDA:61,onChange
DA:12,1
DA:13,146
DA:14,146
DA:15,146
DA:16,146
DA:17,146
DA:18,146
DA:19,146
DA:20,146
DA:21,146
DA:22,146
DA:23,146
DA:24,146
DA:25,146
DA:26,146
DA:27,146
DA:28,146
DA:29,146
DA:30,146
DA:31,146
DA:32,146
DA:34,146
DA:35,146
DA:36,146
DA:37,146
DA:38,146
DA:39,146
DA:40,146
DA:41,146
DA:42,146
DA:43,146
DA:44,146
DA:45,146
DA:46,146
DA:47,146
DA:48,146
DA:49,146
DA:50,146
DA:51,146
DA:53,146
LF:40
LH:40
BRDA:12,0,0,146
BRDA:30,1,0,1
BRDA:30,2,0,145
BRDA:31,3,0,1
BRDA:31,4,0,145
BRDA:50,5,0,1
BRDA:38,6,0,61
BRF:7
BRH:7
end_of_record
TN:
SF:src/components/ui/ScrollArea.tsx
FN:9,ScrollArea
FNF:1
FNH:1
FNDA:2,ScrollArea
DA:2,1
DA:9,1
DA:10,2
DA:11,2
DA:12,2
DA:13,2
DA:14,2
DA:15,2
DA:17,2
DA:18,2
DA:19,2
DA:20,2
DA:22,2
LF:13
LH:13
BRDA:9,0,0,2
BRF:1
BRH:1
end_of_record
TN:
SF:src/components/ui/Tabs.tsx
FN:18,Tabs
FN:19,handleKeyDown
FN:39,onClick
FN:40,onKeyDown
FN:54,onClick
FNF:5
FNH:3
FNDA:8,Tabs
FNDA:0,handleKeyDown
FNDA:2,onClick
FNDA:0,onKeyDown
FNDA:2,onClick
DA:2,1
DA:18,1
DA:19,8
DA:20,0
DA:21,0
DA:22,0
DA:23,0
DA:24,0
DA:26,8
DA:27,8
DA:28,8
DA:29,8
DA:31,8
DA:32,14
DA:33,14
DA:34,14
DA:35,14
DA:36,14
DA:37,14
DA:38,14
DA:39,14
DA:40,14
DA:41,14
DA:42,14
DA:43,14
DA:44,8
DA:45,6
DA:46,14
DA:48,14
DA:49,14
DA:50,14
DA:51,14
DA:52,14
DA:53,14
DA:54,14
DA:55,2
DA:56,2
DA:57,2
DA:58,14
DA:60,14
DA:61,14
DA:63,14
DA:65,8
DA:66,8
DA:68,8
LF:45
LH:40
BRDA:18,0,0,8
BRDA:31,1,0,14
BRDA:43,2,0,8
BRDA:44,3,0,6
BRDA:39,4,0,2
BRDA:54,5,0,2
BRF:6
BRH:6
end_of_record
TN:
SF:src/components/ui/Tooltip.tsx
FN:11,Tooltip
FNF:1
FNH:1
FNDA:3,Tooltip
DA:2,1
DA:11,1
DA:12,3
DA:13,3
DA:14,3
DA:15,3
DA:16,3
DA:17,3
DA:18,3
DA:19,3
DA:20,3
DA:22,3
DA:23,3
DA:24,3
DA:25,3
DA:26,3
DA:27,3
DA:29,3
LF:18
LH:18
BRDA:11,0,0,3
BRF:1
BRH:1
end_of_record
TN:
SF:src/components/ui/index.ts
FNF:0
FNH:0
DA:1,1
DA:2,1
DA:3,1
DA:4,1
DA:5,1
DA:6,1
DA:7,1
DA:8,1
DA:9,1
LF:9
LH:9
BRF:0
BRH:0
end_of_record
TN:
SF:src/features/agent/AgentApprovalPrompt.tsx
FN:11,AgentApprovalPrompt
FN:27,onClick
FN:30,onClick
FNF:3
FNH:3
FNDA:17,AgentApprovalPrompt
FNDA:1,onClick
FNDA:1,onClick
DA:1,1
DA:2,1
DA:11,1
DA:12,17
DA:13,17
DA:15,17
DA:17,5
DA:18,5
DA:19,5
DA:20,5
DA:21,5
DA:22,1
DA:23,1
DA:24,1
DA:26,17
DA:27,17
DA:29,17
DA:30,17
DA:32,17
DA:33,17
DA:34,17
DA:36,17
LF:22
LH:22
BRDA:11,0,0,17
BRDA:15,1,0,12
BRDA:15,2,0,14
BRDA:15,3,0,5
BRDA:21,4,0,1
BRDA:12,5,0,51
BRDA:13,6,0,51
BRDA:27,7,0,1
BRDA:30,8,0,1
BRF:9
BRH:9
end_of_record
TN:
SF:src/features/agent/AgentPanel.tsx
FN:8,AgentPanel
FN:53,onClick
FNF:2
FNH:2
FNDA:9,AgentPanel
FNDA:1,onClick
DA:1,1
DA:2,1
DA:3,1
DA:4,1
DA:5,1
DA:6,1
DA:8,1
DA:9,9
DA:10,9
DA:11,9
DA:12,9
DA:13,9
DA:14,9
DA:15,9
DA:16,9
DA:17,9
DA:19,9
DA:20,9
DA:21,9
DA:23,9
DA:24,1
DA:25,1
DA:26,9
DA:27,1
DA:28,1
DA:29,1
DA:31,1
DA:32,1
DA:34,1
DA:35,9
DA:36,1
DA:37,1
DA:39,1
DA:41,9
DA:42,9
DA:44,9
DA:45,9
DA:46,9
DA:47,9
DA:48,9
DA:49,3
DA:50,3
DA:51,3
DA:52,3
DA:53,2
DA:55,2
DA:57,3
DA:58,3
DA:59,3
DA:61,3
DA:63,9
DA:65,9
LF:52
LH:52
BRDA:8,0,0,9
BRDA:23,1,0,1
BRDA:25,2,0,8
BRDA:26,3,0,1
BRDA:34,4,0,7
BRDA:35,5,0,1
BRDA:39,6,0,6
BRDA:41,7,0,3
BRDA:42,8,0,3
BRDA:42,9,0,1
BRDA:47,10,0,1
BRDA:48,11,0,3
BRDA:52,12,0,2
BRDA:59,13,0,3
BRDA:9,14,0,27
BRDA:10,15,0,27
BRDA:11,16,0,27
BRDA:12,17,0,27
BRDA:13,18,0,27
BRDA:14,19,0,27
BRDA:15,20,0,27
BRDA:16,21,0,27
BRDA:17,22,0,27
BRDA:19,23,0,9
BRDA:20,24,0,8
BRDA:20,25,0,7
BRDA:41,26,0,3
BRDA:53,27,0,1
BRF:28
BRH:28
end_of_record
TN:
SF:src/features/agent/AgentStepTimeline.tsx
FN:7,isScreenshotDataUri
FN:30,AgentStepTimeline
FNF:2
FNH:2
FNDA:2,isScreenshotDataUri
FNDA:11,AgentStepTimeline
DA:1,1
DA:2,1
DA:4,1
DA:5,1
DA:7,2
DA:8,2
DA:9,2
DA:15,1
DA:16,1
DA:17,1
DA:18,1
DA:19,1
DA:20,1
DA:28,1
DA:30,1
DA:31,11
DA:33,11
DA:34,11
DA:35,11
DA:36,11
DA:37,8
DA:38,8
DA:39,8
DA:41,3
DA:42,3
DA:43,3
DA:44,3
DA:45,4
DA:46,4
DA:47,4
DA:48,4
DA:49,4
DA:50,2
DA:51,2
DA:52,2
DA:54,4
DA:55,1
DA:57,3
DA:58,1
DA:59,1
DA:60,1
DA:63,4
DA:64,4
DA:65,3
DA:66,3
DA:68,11
DA:69,1
DA:71,11
DA:72,1
DA:74,11
DA:75,11
DA:76,11
DA:78,11
LF:53
LH:53
BRDA:7,0,0,2
BRDA:8,1,0,1
BRDA:8,2,0,0
BRDA:30,3,0,11
BRDA:36,4,0,8
BRDA:38,5,0,1
BRDA:38,6,0,7
BRDA:39,7,0,3
BRDA:68,8,0,1
BRDA:68,9,0,1
BRDA:71,10,0,2
BRDA:71,11,0,1
BRDA:31,12,0,33
BRDA:31,13,0,24
BRDA:43,14,0,1
BRDA:44,15,0,4
BRDA:49,16,0,2
BRDA:54,17,0,2
BRDA:54,18,0,1
BRDA:55,19,0,3
BRDA:57,20,0,1
BRF:21
BRH:20
end_of_record
TN:
SF:src/features/agent/AgentTaskList.tsx
FN:21,AgentTaskList
FN:31,handleCreate
FN:41,onChange
FN:49,onChange
FN:60,onChange
FN:86,onClick
FNF:6
FNH:4
FNDA:61,AgentTaskList
FNDA:2,handleCreate
FNDA:48,onChange
FNDA:0,onChange
FNDA:0,onChange
FNDA:1,onClick
DA:1,1
DA:2,1
DA:3,1
DA:4,1
DA:5,1
DA:10,1
DA:12,1
DA:13,1
DA:14,1
DA:15,1
DA:16,1
DA:17,1
DA:18,1
DA:19,1
DA:21,1
DA:22,61
DA:23,61
DA:24,61
DA:25,61
DA:27,61
DA:28,61
DA:29,61
DA:31,61
DA:32,2
DA:33,2
DA:34,2
DA:35,2
DA:37,61
DA:38,61
DA:39,61
DA:40,61
DA:41,61
DA:42,61
DA:43,61
DA:44,61
DA:45,61
DA:46,61
DA:47,61
DA:48,61
DA:49,61
DA:50,61
DA:52,61
DA:53,427
DA:54,427
DA:55,427
DA:56,61
DA:57,61
DA:58,61
DA:59,61
DA:60,61
DA:61,61
DA:63,61
DA:64,183
DA:65,183
DA:66,183
DA:67,61
DA:68,61
DA:69,61
DA:70,61
DA:71,61
DA:72,61
DA:73,61
DA:74,61
DA:75,61
DA:76,61
DA:78,61
DA:79,61
DA:80,61
DA:81,5
DA:82,5
DA:83,6
DA:84,6
DA:85,6
DA:86,6
DA:87,6
DA:88,6
DA:89,6
DA:90,4
DA:91,2
DA:92,6
DA:94,6
DA:95,6
DA:96,6
DA:97,6
DA:98,6
DA:99,5
DA:100,5
DA:102,61
DA:104,61
LF:89
LH:89
BRDA:21,0,0,61
BRDA:29,1,0,0
BRDA:80,2,0,5
BRDA:22,3,0,183
BRDA:23,4,0,183
BRDA:24,5,0,183
BRDA:25,6,0,183
BRDA:31,7,0,2
BRDA:32,8,0,0
BRDA:41,9,0,48
BRDA:52,10,0,427
BRDA:63,11,0,183
BRDA:82,12,0,6
BRDA:89,13,0,4
BRDA:90,14,0,2
BRDA:86,15,0,1
BRF:16
BRH:14
end_of_record
TN:
SF:src/features/auth/AuthDialog.tsx
FN:18,AuthDialog
FN:27,reset
FN:36,handleClose
FN:41,handleSubmit
FN:76,onClick
FN:85,onSubmit
FN:97,onClick
FNF:7
FNH:6
FNDA:70,AuthDialog
FNDA:2,reset
FNDA:2,handleClose
FNDA:2,handleSubmit
FNDA:2,onClick
FNDA:0,onSubmit
FNDA:1,onClick
DA:1,1
DA:2,1
DA:3,1
DA:4,1
DA:5,1
DA:6,1
DA:18,1
DA:19,70
DA:20,70
DA:21,70
DA:22,70
DA:23,70
DA:24,70
DA:25,70
DA:27,70
DA:28,2
DA:29,2
DA:30,2
DA:31,2
DA:32,2
DA:33,2
DA:34,2
DA:36,70
DA:37,2
DA:38,2
DA:39,2
DA:41,70
DA:42,2
DA:43,2
DA:44,2
DA:45,2
DA:46,2
DA:47,0
DA:48,1
DA:49,1
DA:50,1
DA:51,1
DA:52,1
DA:53,1
DA:54,1
DA:55,1
DA:56,1
DA:57,1
DA:58,2
DA:60,70
DA:61,70
DA:62,70
DA:63,70
DA:64,70
DA:65,70
DA:66,70
DA:67,70
DA:68,70
DA:69,70
DA:71,70
DA:72,70
DA:73,70
DA:74,70
DA:75,70
DA:76,70
DA:78,70
DA:79,70
DA:80,70
DA:83,70
DA:84,70
DA:85,70
DA:86,0
DA:87,0
DA:88,0
DA:90,70
DA:91,70
DA:92,70
DA:93,70
DA:94,70
DA:95,70
DA:96,70
DA:97,70
DA:98,1
DA:99,1
DA:100,1
DA:102,70
DA:103,70
DA:104,70
DA:105,70
DA:107,70
LF:85
LH:81
BRDA:18,0,0,70
BRDA:64,1,0,69
BRDA:64,2,0,1
BRDA:75,3,0,63
BRDA:75,4,0,29
BRDA:75,5,0,0
BRDA:78,6,0,69
BRDA:78,7,0,1
BRDA:90,8,0,1
BRDA:93,9,0,1
BRDA:102,10,0,69
BRDA:102,11,0,1
BRDA:19,12,0,211
BRDA:27,13,0,2
BRDA:36,14,0,2
BRDA:41,15,0,2
BRDA:46,16,0,1
BRDA:46,17,0,0
BRDA:46,18,0,0
BRDA:47,19,0,1
BRDA:55,20,0,0
BRDA:76,21,0,2
BRDA:97,22,0,1
BRDA:98,23,0,0
BRF:24
BRH:19
end_of_record
TN:
SF:src/features/browser/AgentBrowserView.tsx
FN:13,AgentBrowserView
FNF:1
FNH:1
FNDA:1,AgentBrowserView
DA:13,1
DA:14,1
DA:15,1
DA:16,1
DA:17,1
DA:19,1
LF:6
LH:6
BRDA:13,0,0,1
BRF:1
BRH:1
end_of_record
TN:
SF:src/features/browser/BrowserPanel.tsx
FN:16,normalizeUrlInput
FN:28,BrowserPanel
FN:57,syncBounds
FN:79,navigateTo
FN:92,onClick
FN:101,onClick
FN:106,onClick
FN:111,onFocus
FN:114,onBlur
FN:117,onChange
FN:118,onKeyDown
FNF:11
FNH:10
FNDA:2,normalizeUrlInput
FNDA:55,BrowserPanel
FNDA:9,syncBounds
FNDA:2,navigateTo
FNDA:1,onClick
FNDA:1,onClick
FNDA:1,onClick
FNDA:2,onFocus
FNDA:0,onBlur
FNDA:32,onChange
FNDA:34,onKeyDown
DA:1,1
DA:2,1
DA:3,1
DA:6,1
DA:7,1
DA:8,1
DA:9,1
DA:10,1
DA:11,1
DA:12,1
DA:16,2
DA:17,2
DA:18,2
DA:19,1
DA:20,1
DA:28,1
DA:29,55
DA:30,55
DA:31,55
DA:33,55
DA:34,9
DA:35,9
DA:36,9
DA:37,9
DA:38,55
DA:43,55
DA:44,55
DA:45,10
DA:46,55
DA:53,55
DA:54,9
DA:55,9
DA:57,9
DA:58,9
DA:59,9
DA:60,9
DA:61,9
DA:62,9
DA:63,9
DA:64,9
DA:65,9
DA:67,9
DA:68,9
DA:69,9
DA:70,9
DA:72,9
DA:73,9
DA:74,9
DA:75,9
DA:76,9
DA:77,55
DA:79,55
DA:80,2
DA:81,2
DA:82,2
DA:83,2
DA:85,55
DA:86,55
DA:87,55
DA:88,55
DA:89,55
DA:90,55
DA:91,55
DA:92,55
DA:93,55
DA:95,55
DA:96,55
DA:97,55
DA:98,55
DA:99,55
DA:100,55
DA:101,55
DA:102,55
DA:104,55
DA:105,55
DA:106,55
DA:107,55
DA:108,55
DA:109,55
DA:110,55
DA:111,55
DA:112,2
DA:113,2
DA:114,55
DA:115,0
DA:116,0
DA:117,55
DA:118,55
DA:119,34
DA:120,34
DA:121,55
DA:122,55
DA:123,55
DA:124,55
DA:127,55
DA:128,55
DA:130,55
LF:97
LH:95
BRDA:16,0,0,2
BRDA:18,1,0,1
BRDA:28,2,0,55
BRDA:107,3,0,0
BRDA:33,4,0,9
BRDA:34,5,0,9
BRDA:44,6,0,10
BRDA:53,7,0,9
BRDA:55,8,0,0
BRDA:57,9,0,9
BRDA:72,10,0,9
BRDA:79,11,0,2
BRDA:92,12,0,1
BRDA:101,13,0,1
BRDA:106,14,0,1
BRDA:111,15,0,2
BRDA:117,16,0,32
BRDA:118,17,0,34
BRDA:119,18,0,2
BRF:19
BRH:17
end_of_record
TN:
SF:src/features/chat/ChatInput.tsx
FN:12,ChatInput
FN:23,handleSend
FN:33,handleKeyDown
FN:45,onClick
FN:62,onChange
FNF:5
FNH:5
FNDA:61,ChatInput
FNDA:4,handleSend
FNDA:50,handleKeyDown
FNDA:1,onClick
FNDA:48,onChange
DA:1,1
DA:3,1
DA:4,1
DA:5,1
DA:12,1
DA:13,61
DA:14,61
DA:15,61
DA:16,61
DA:17,61
DA:18,61
DA:20,61
DA:21,61
DA:23,61
DA:24,4
DA:25,4
DA:26,4
DA:27,4
DA:28,4
DA:29,4
DA:30,4
DA:31,4
DA:33,61
DA:34,50
DA:35,1
DA:36,1
DA:37,1
DA:38,50
DA:40,61
DA:41,61
DA:42,61
DA:43,21
DA:44,21
DA:45,21
DA:46,21
DA:47,21
DA:48,21
DA:49,21
DA:50,20
DA:51,1
DA:52,21
DA:54,21
DA:55,21
DA:56,21
DA:58,61
DA:59,61
DA:60,61
DA:61,61
DA:62,61
DA:63,61
DA:64,61
DA:65,61
DA:66,61
DA:67,61
DA:68,61
DA:69,61
DA:70,61
DA:71,61
DA:72,61
DA:73,61
DA:74,61
DA:75,61
DA:76,61
DA:77,61
DA:78,61
DA:79,61
DA:81,61
DA:82,61
DA:83,61
DA:85,61
LF:70
LH:70
BRDA:12,0,0,61
BRDA:20,1,0,40
BRDA:21,2,0,45
BRDA:42,3,0,21
BRDA:49,4,0,20
BRDA:50,5,0,1
BRDA:15,6,0,183
BRDA:16,7,0,183
BRDA:17,8,0,183
BRDA:18,9,0,183
BRDA:20,10,0,21
BRDA:23,11,0,4
BRDA:24,12,0,0
BRDA:29,13,0,1
BRDA:29,14,0,1
BRDA:29,15,0,3
BRDA:33,16,0,50
BRDA:34,17,0,2
BRDA:34,18,0,1
BRDA:45,19,0,1
BRDA:45,20,0,1
BRDA:62,21,0,48
BRF:22
BRH:21
end_of_record
TN:
SF:src/features/chat/ChatMessage.tsx
FN:22,ChatMessage
FNF:1
FNH:1
FNDA:6,ChatMessage
DA:1,1
DA:2,1
DA:3,1
DA:5,1
DA:11,1
DA:12,1
DA:13,1
DA:14,1
DA:15,1
DA:16,1
DA:22,1
DA:23,6
DA:25,6
DA:26,6
DA:27,6
DA:28,6
DA:29,6
DA:30,6
DA:31,6
DA:32,6
DA:34,6
DA:35,4
DA:36,4
DA:37,4
DA:38,4
DA:39,4
DA:40,2
DA:41,1
DA:43,6
DA:44,6
DA:45,6
DA:46,1
DA:48,6
DA:50,6
LF:34
LH:34
BRDA:22,0,0,6
BRDA:26,1,0,1
BRDA:26,2,0,5
BRDA:31,3,0,1
BRDA:31,4,0,5
BRDA:34,5,0,4
BRDA:39,6,0,2
BRDA:40,7,0,1
BRDA:40,8,0,1
BRDA:43,9,0,1
BRDA:45,10,0,1
BRF:11
BRH:11
end_of_record
TN:
SF:src/features/chat/ChatMessageList.tsx
FN:15,ChatMessageList
FN:21,getScrollElement
FN:22,estimateSize
FNF:3
FNH:3
FNDA:3,ChatMessageList
FNDA:3,getScrollElement
FNDA:2,estimateSize
DA:1,1
DA:2,1
DA:3,1
DA:15,1
DA:16,3
DA:17,3
DA:19,3
DA:20,3
DA:21,3
DA:22,3
DA:23,3
DA:24,3
DA:30,3
DA:31,3
DA:32,1
DA:33,3
DA:35,3
DA:36,2
DA:37,2
DA:40,2
DA:42,2
DA:44,1
DA:45,1
DA:46,1
DA:47,1
DA:48,0
DA:49,0
DA:50,0
DA:51,0
DA:52,0
DA:53,0
DA:54,0
DA:55,0
DA:57,0
DA:58,0
DA:60,1
DA:61,1
DA:62,1
DA:64,1
LF:39
LH:29
BRDA:15,0,0,3
BRDA:33,1,0,1
BRDA:35,2,0,2
BRDA:42,3,0,1
BRDA:21,4,0,3
BRDA:22,5,0,2
BRDA:30,6,0,3
BRDA:31,7,0,2
BRDA:31,8,0,1
BRF:9
BRH:9
end_of_record
TN:
SF:src/features/chat/ChatPanel.tsx
FN:8,ChatPanel
FNF:1
FNH:1
FNDA:7,ChatPanel
DA:1,1
DA:2,1
DA:3,1
DA:4,1
DA:5,1
DA:6,1
DA:8,1
DA:9,7
DA:10,7
DA:11,7
DA:12,7
DA:13,7
DA:14,7
DA:15,7
DA:16,7
DA:17,7
DA:19,7
DA:20,7
DA:21,7
DA:23,7
DA:24,1
DA:25,1
DA:27,1
DA:29,7
DA:30,1
DA:31,1
DA:32,1
DA:34,1
DA:35,1
DA:37,1
DA:39,7
DA:40,1
DA:41,1
DA:43,1
DA:45,7
DA:47,7
DA:48,7
DA:49,7
DA:50,7
DA:51,7
DA:52,2
DA:53,2
DA:54,1
DA:55,1
DA:56,1
DA:57,1
DA:59,1
DA:61,7
DA:63,7
LF:49
LH:49
BRDA:8,0,0,7
BRDA:23,1,0,1
BRDA:27,2,0,6
BRDA:29,3,0,1
BRDA:37,4,0,5
BRDA:39,5,0,1
BRDA:43,6,0,4
BRDA:45,7,0,1
BRDA:45,8,0,0
BRDA:45,9,0,3
BRDA:50,10,0,1
BRDA:51,11,0,2
BRDA:52,12,0,2
BRDA:53,13,0,1
BRDA:57,14,0,1
BRDA:9,15,0,21
BRDA:10,16,0,21
BRDA:11,17,0,21
BRDA:12,18,0,21
BRDA:13,19,0,21
BRDA:14,20,0,21
BRDA:15,21,0,21
BRDA:16,22,0,21
BRDA:17,23,0,21
BRDA:19,24,0,7
BRDA:20,25,0,6
BRDA:20,26,0,5
BRF:27
BRH:26
end_of_record
TN:
SF:src/features/chat/ChatSessionList.tsx
FN:16,ChatSessionList
FN:29,onChange
FN:42,onClick
FN:62,onClick
FN:70,onClick
FNF:5
FNH:4
FNDA:8,ChatSessionList
FNDA:0,onChange
FNDA:1,onClick
FNDA:1,onClick
FNDA:1,onClick
DA:1,1
DA:2,1
DA:3,1
DA:4,1
DA:9,1
DA:10,1
DA:11,1
DA:12,1
DA:13,1
DA:14,1
DA:16,1
DA:17,8
DA:18,8
DA:19,8
DA:20,8
DA:21,8
DA:22,8
DA:24,8
DA:25,8
DA:26,8
DA:27,8
DA:28,8
DA:29,8
DA:30,8
DA:32,8
DA:33,32
DA:34,32
DA:35,32
DA:36,8
DA:37,8
DA:38,8
DA:39,8
DA:40,8
DA:41,8
DA:42,8
DA:43,8
DA:44,8
DA:46,8
DA:47,8
DA:48,8
DA:49,5
DA:50,5
DA:51,6
DA:52,6
DA:53,6
DA:54,6
DA:55,6
DA:56,2
DA:57,4
DA:58,6
DA:60,6
DA:61,6
DA:62,6
DA:63,6
DA:65,6
DA:66,6
DA:67,6
DA:68,6
DA:69,6
DA:70,6
DA:71,6
DA:73,6
DA:74,6
DA:75,6
DA:76,5
DA:77,5
DA:79,8
DA:81,8
LF:68
LH:68
BRDA:16,0,0,8
BRDA:22,1,0,0
BRDA:48,2,0,5
BRDA:17,3,0,24
BRDA:18,4,0,24
BRDA:19,5,0,24
BRDA:20,6,0,24
BRDA:21,7,0,24
BRDA:32,8,0,32
BRDA:42,9,0,1
BRDA:50,10,0,6
BRDA:55,11,0,2
BRDA:56,12,0,4
BRDA:62,13,0,1
BRDA:70,14,0,1
BRF:15
BRH:14
end_of_record
TN:
SF:src/features/command-palette/CommandPalette.tsx
FN:1,(empty-report)
FNF:1
FNH:0
FNDA:0,(empty-report)
DA:1,0
DA:2,0
DA:3,0
DA:4,0
DA:5,0
DA:6,0
DA:17,0
DA:18,0
DA:19,0
DA:20,0
DA:21,0
DA:22,0
DA:23,0
DA:24,0
DA:25,0
DA:26,0
DA:29,0
DA:31,0
DA:32,0
DA:33,0
DA:34,0
DA:36,0
DA:37,0
DA:38,0
DA:39,0
DA:40,0
DA:41,0
DA:42,0
DA:44,0
DA:46,0
DA:47,0
DA:48,0
DA:50,0
DA:51,0
DA:52,0
DA:53,0
DA:54,0
DA:55,0
DA:56,0
DA:57,0
DA:58,0
DA:60,0
DA:61,0
DA:62,0
DA:63,0
DA:64,0
DA:65,0
DA:67,0
DA:68,0
DA:69,0
DA:70,0
DA:71,0
DA:72,0
DA:73,0
DA:74,0
DA:75,0
DA:76,0
DA:77,0
DA:78,0
DA:80,0
DA:81,0
DA:82,0
DA:83,0
DA:84,0
DA:85,0
DA:86,0
DA:87,0
DA:88,0
DA:89,0
DA:90,0
DA:91,0
DA:92,0
DA:93,0
DA:94,0
DA:95,0
DA:96,0
DA:97,0
DA:98,0
DA:99,0
DA:100,0
DA:101,0
DA:102,0
DA:103,0
DA:104,0
DA:106,0
DA:107,0
DA:108,0
DA:109,0
DA:110,0
DA:111,0
DA:112,0
DA:113,0
DA:114,0
DA:115,0
DA:116,0
DA:117,0
DA:118,0
DA:119,0
DA:120,0
DA:121,0
DA:122,0
DA:124,0
DA:125,0
DA:126,0
DA:127,0
DA:128,0
DA:129,0
DA:131,0
DA:132,0
DA:133,0
DA:134,0
DA:136,0
DA:137,0
DA:138,0
DA:140,0
LF:115
LH:0
BRDA:1,0,0,0
BRF:1
BRH:0
end_of_record
TN:
SF:src/features/command-palette/CommandRegistry.ts
FN:5,<instance_members_initializer>
FN:9,register
FN:17,unregister
FN:21,get
FN:25,getAll
FN:29,execute
FN:37,findByKeybinding
FNF:7
FNH:7
FNDA:7,<instance_members_initializer>
FNDA:6,register
FNDA:1,unregister
FNDA:2,get
FNDA:3,getAll
FNDA:2,execute
FNDA:2,findByKeybinding
DA:5,1
DA:6,7
DA:9,7
DA:10,6
DA:11,1
DA:12,1
DA:13,5
DA:14,5
DA:15,6
DA:17,7
DA:18,1
DA:19,1
DA:21,7
DA:22,2
DA:23,2
DA:25,7
DA:26,3
DA:27,3
DA:29,7
DA:30,2
DA:31,2
DA:32,1
DA:33,1
DA:34,1
DA:35,2
DA:37,7
DA:38,2
DA:39,2
DA:40,7
DA:42,1
LF:30
LH:30
BRDA:5,0,0,7
BRDA:9,1,0,6
BRDA:10,2,0,1
BRDA:12,3,0,5
BRDA:14,4,0,1
BRDA:17,5,0,1
BRDA:21,6,0,2
BRDA:25,7,0,3
BRDA:29,8,0,2
BRDA:31,9,0,1
BRDA:37,10,0,2
BRDA:38,11,0,2
BRF:12
BRH:12
end_of_record
TN:
SF:src/features/command-palette/command-types.ts
FN:1,(empty-report)
FNF:1
FNH:1
FNDA:1,(empty-report)
LF:0
LH:0
BRDA:1,0,0,1
BRF:1
BRH:1
end_of_record
TN:
SF:src/features/command-palette/useCommandPalette.ts
FN:1,(empty-report)
FNF:1
FNH:0
FNDA:0,(empty-report)
DA:1,0
DA:16,0
DA:17,0
DA:18,0
DA:19,0
DA:21,0
DA:22,0
DA:23,0
DA:24,0
DA:25,0
DA:27,0
DA:28,0
DA:29,0
DA:30,0
DA:32,0
DA:33,0
DA:34,0
DA:35,0
DA:37,0
DA:38,0
LF:20
LH:0
BRDA:1,0,0,0
BRF:1
BRH:0
end_of_record
TN:
SF:src/features/docker/ContainerItem.tsx
FN:25,ContainerItem
FN:41,onKeyDown
FN:65,onClick
FN:78,onClick
FN:91,onClick
FN:104,onClick
FNF:6
FNH:3
FNDA:7,ContainerItem
FNDA:0,onKeyDown
FNDA:1,onClick
FNDA:0,onClick
FNDA:0,onClick
FNDA:1,onClick
DA:1,1
DA:14,1
DA:15,1
DA:16,1
DA:17,1
DA:18,1
DA:19,1
DA:20,1
DA:21,1
DA:22,1
DA:23,1
DA:25,1
DA:26,7
DA:27,7
DA:28,7
DA:29,7
DA:30,7
DA:31,7
DA:32,7
DA:33,7
DA:34,7
DA:36,7
DA:37,7
DA:38,7
DA:39,7
DA:40,7
DA:41,7
DA:42,0
DA:43,0
DA:44,7
DA:45,7
DA:46,7
DA:47,7
DA:49,7
DA:50,7
DA:51,7
DA:52,7
DA:53,7
DA:54,7
DA:55,7
DA:56,7
DA:57,7
DA:58,7
DA:59,7
DA:60,7
DA:61,6
DA:62,6
DA:63,6
DA:64,6
DA:65,6
DA:66,1
DA:67,1
DA:68,1
DA:69,6
DA:71,6
DA:72,6
DA:74,1
DA:75,1
DA:76,1
DA:77,1
DA:78,1
DA:79,0
DA:80,0
DA:81,0
DA:82,1
DA:84,1
DA:85,1
DA:87,7
DA:88,7
DA:89,7
DA:90,7
DA:91,7
DA:92,0
DA:93,0
DA:94,0
DA:95,7
DA:97,7
DA:98,7
DA:99,7
DA:100,6
DA:101,6
DA:102,6
DA:103,6
DA:104,6
DA:105,1
DA:106,1
DA:107,1
DA:108,6
DA:110,6
DA:111,6
DA:113,7
DA:114,7
DA:116,7
LF:93
LH:85
BRDA:25,0,0,7
BRDA:46,1,0,1
BRDA:46,2,0,6
BRDA:60,3,0,6
BRDA:72,4,0,1
BRDA:99,5,0,6
BRDA:65,6,0,1
BRDA:104,7,0,1
BRF:8
BRH:8
end_of_record
TN:
SF:src/features/docker/ContainerList.tsx
FN:5,ContainerList
FN:25,onSelect
FN:26,onStart
FN:27,onStop
FN:28,onRestart
FN:29,onOpenShell
FNF:6
FNH:4
FNDA:7,ContainerList
FNDA:1,onSelect
FNDA:0,onStart
FNDA:1,onStop
FNDA:0,onRestart
FNDA:1,onOpenShell
DA:1,1
DA:2,1
DA:3,1
DA:5,1
DA:6,7
DA:7,7
DA:8,7
DA:9,7
DA:10,7
DA:11,7
DA:12,7
DA:14,7
DA:15,0
DA:16,0
DA:18,7
DA:19,7
DA:20,7
DA:21,7
DA:22,7
DA:23,7
DA:24,7
DA:25,7
DA:26,7
DA:27,7
DA:28,7
DA:29,7
DA:30,7
DA:31,7
DA:32,7
DA:34,7
LF:30
LH:28
BRDA:5,0,0,7
BRDA:14,1,0,0
BRDA:6,2,0,25
BRDA:7,3,0,25
BRDA:8,4,0,25
BRDA:9,5,0,25
BRDA:10,6,0,25
BRDA:11,7,0,25
BRDA:12,8,0,25
BRDA:20,9,0,7
BRDA:25,10,0,1
BRDA:25,11,0,0
BRDA:27,12,0,1
BRDA:29,13,0,1
BRF:14
BRH:12
end_of_record
TN:
SF:src/features/docker/ContainerLogs.tsx
FN:12,ContainerLogs
FNF:1
FNH:1
FNDA:1,ContainerLogs
DA:1,1
DA:2,1
DA:12,1
DA:13,1
DA:14,1
DA:15,1
DA:16,1
DA:17,1
DA:19,1
DA:20,1
DA:21,1
DA:22,1
DA:23,1
DA:24,1
DA:25,1
DA:26,1
DA:28,1
DA:29,1
DA:30,1
DA:31,1
DA:33,1
DA:34,1
DA:35,1
DA:36,1
DA:37,1
DA:38,1
DA:39,1
DA:40,1
DA:41,1
DA:43,1
DA:44,1
DA:45,1
DA:47,1
LF:33
LH:33
BRDA:12,0,0,1
BRDA:37,1,0,0
BRDA:13,2,0,3
BRDA:14,3,0,3
BRDA:15,4,0,3
BRDA:16,5,0,3
BRDA:19,6,0,1
BRDA:22,7,0,1
BRDA:28,8,0,1
BRF:9
BRH:8
end_of_record
TN:
SF:src/features/docker/DockerPanel.tsx
FN:8,DockerPanel
FN:33,onClick
FNF:2
FNH:1
FNDA:18,DockerPanel
FNDA:0,onClick
DA:1,1
DA:2,1
DA:3,1
DA:4,1
DA:5,1
DA:6,1
DA:8,1
DA:9,18
DA:10,18
DA:11,18
DA:12,18
DA:13,18
DA:18,18
DA:19,5
DA:20,18
DA:22,18
DA:23,18
DA:24,18
DA:25,18
DA:26,18
DA:28,18
DA:29,18
DA:30,18
DA:31,18
DA:32,18
DA:33,18
DA:34,18
DA:36,18
DA:37,18
DA:38,18
DA:39,18
DA:40,11
DA:41,11
DA:42,11
DA:43,1
DA:44,10
DA:45,5
DA:46,5
DA:48,11
DA:50,7
DA:52,18
DA:53,18
DA:55,18
LF:43
LH:43
BRDA:8,0,0,18
BRDA:36,1,0,6
BRDA:36,2,0,12
BRDA:39,3,0,11
BRDA:42,4,0,1
BRDA:43,5,0,10
BRDA:44,6,0,5
BRDA:45,7,0,5
BRDA:48,8,0,7
BRDA:52,9,0,1
BRDA:9,10,0,68
BRDA:10,11,0,68
BRDA:11,12,0,68
BRDA:12,13,0,68
BRDA:13,14,0,68
BRDA:18,15,0,5
BRF:16
BRH:16
end_of_record
TN:
SF:src/features/editor/EditorTabBar.tsx
FN:5,EditorTabBar
FNF:1
FNH:1
FNDA:5,EditorTabBar
DA:1,1
DA:2,1
DA:3,1
DA:5,1
DA:6,5
DA:7,5
DA:8,5
DA:9,5
DA:11,5
DA:13,4
DA:14,4
DA:15,4
DA:16,6
DA:17,6
DA:18,6
DA:19,6
DA:20,1
DA:21,5
DA:22,4
DA:23,4
DA:24,4
DA:25,4
DA:26,4
DA:28,4
LF:24
LH:24
BRDA:5,0,0,5
BRDA:11,1,0,1
BRDA:11,2,0,4
BRDA:6,3,0,15
BRDA:7,4,0,15
BRDA:8,5,0,15
BRDA:9,6,0,15
BRDA:15,7,0,6
BRDA:19,8,0,1
BRDA:20,9,0,5
BRF:10
BRH:10
end_of_record
TN:
SF:src/features/editor/MonacoEditor.tsx
FN:1,(empty-report)
FNF:1
FNH:0
FNDA:0,(empty-report)
DA:1,0
DA:3,0
DA:4,0
DA:5,0
DA:6,0
DA:8,0
DA:9,0
DA:10,0
DA:11,0
DA:12,0
DA:13,0
DA:14,0
DA:16,0
DA:17,0
DA:18,0
DA:19,0
DA:20,0
DA:21,0
DA:22,0
DA:23,0
DA:26,0
DA:27,0
DA:29,0
DA:30,0
DA:31,0
DA:32,0
DA:33,0
DA:34,0
DA:35,0
DA:36,0
DA:38,0
DA:39,0
DA:40,0
DA:41,0
DA:43,0
DA:44,0
DA:45,0
DA:47,0
DA:48,0
DA:49,0
DA:50,0
DA:52,0
DA:53,0
DA:54,0
DA:55,0
DA:58,0
DA:61,0
DA:62,0
DA:63,0
DA:64,0
DA:67,0
DA:68,0
DA:69,0
DA:73,0
DA:74,0
DA:75,0
DA:76,0
DA:78,0
DA:79,0
DA:80,0
DA:81,0
DA:83,0
DA:84,0
DA:85,0
DA:86,0
DA:87,0
DA:89,0
DA:90,0
DA:92,0
DA:93,0
DA:94,0
DA:95,0
DA:96,0
DA:97,0
DA:98,0
DA:99,0
DA:100,0
DA:101,0
DA:102,0
DA:103,0
DA:104,0
DA:105,0
DA:106,0
DA:107,0
DA:108,0
DA:111,0
DA:112,0
DA:113,0
DA:114,0
DA:115,0
DA:116,0
DA:117,0
DA:118,0
DA:119,0
DA:121,0
DA:122,0
DA:123,0
DA:124,0
DA:126,0
DA:128,0
DA:129,0
DA:131,0
LF:102
LH:0
BRDA:1,0,0,0
BRF:1
BRH:0
end_of_record
TN:
SF:src/features/editor/language-config.ts
FN:22,languageForPath
FNF:1
FNH:0
FNDA:0,languageForPath
DA:1,1
DA:2,1
DA:3,1
DA:4,1
DA:5,1
DA:6,1
DA:7,1
DA:8,1
DA:9,1
DA:10,1
DA:11,1
DA:12,1
DA:13,1
DA:14,1
DA:15,1
DA:16,1
DA:17,1
DA:18,1
DA:19,1
DA:20,1
DA:22,1
DA:23,0
DA:24,0
DA:26,0
DA:27,0
DA:28,0
LF:26
LH:21
BRF:0
BRH:0
end_of_record
TN:
SF:src/features/editor/useMonaco.ts
FN:1,(empty-report)
FNF:1
FNH:0
FNDA:0,(empty-report)
DA:1,0
DA:2,0
DA:3,0
DA:4,0
DA:5,0
DA:6,0
DA:7,0
DA:8,0
DA:9,0
DA:10,0
DA:11,0
DA:12,0
DA:13,0
DA:14,0
DA:15,0
DA:16,0
DA:17,0
DA:18,0
DA:19,0
DA:20,0
DA:21,0
DA:22,0
DA:23,0
DA:24,0
DA:25,0
DA:26,0
DA:27,0
DA:28,0
DA:29,0
DA:30,0
DA:31,0
DA:32,0
DA:33,0
DA:34,0
DA:35,0
DA:36,0
DA:37,0
DA:38,0
DA:39,0
DA:40,0
DA:41,0
DA:42,0
DA:43,0
DA:44,0
DA:45,0
DA:46,0
DA:47,0
DA:48,0
DA:49,0
DA:50,0
DA:51,0
DA:52,0
DA:53,0
DA:54,0
DA:55,0
DA:56,0
DA:57,0
DA:58,0
DA:59,0
DA:60,0
DA:61,0
DA:62,0
DA:63,0
DA:64,0
DA:65,0
DA:66,0
DA:67,0
DA:68,0
DA:69,0
DA:70,0
DA:71,0
DA:72,0
DA:73,0
DA:74,0
DA:75,0
DA:76,0
DA:77,0
DA:78,0
DA:79,0
DA:80,0
DA:81,0
DA:82,0
DA:83,0
DA:84,0
DA:85,0
DA:86,0
DA:87,0
DA:88,0
DA:89,0
DA:90,0
DA:91,0
LF:91
LH:0
BRDA:1,0,0,0
BRF:1
BRH:0
end_of_record
TN:
SF:src/features/file-explorer/FileExplorer.tsx
FN:7,FileExplorer
FN:18,handleDrop
FN:29,onDragOver
FN:33,onDragLeave
FN:46,onClick
FNF:5
FNH:4
FNDA:6,FileExplorer
FNDA:1,handleDrop
FNDA:1,onDragOver
FNDA:0,onDragLeave
FNDA:1,onClick
DA:1,1
DA:2,1
DA:3,1
DA:4,1
DA:5,1
DA:7,1
DA:8,6
DA:9,6
DA:10,6
DA:11,6
DA:12,6
DA:14,6
DA:18,5
DA:19,1
DA:20,1
DA:21,1
DA:22,1
DA:23,1
DA:24,1
DA:25,1
DA:27,5
DA:28,5
DA:29,5
DA:30,1
DA:31,1
DA:32,1
DA:33,5
DA:34,5
DA:35,5
DA:36,5
DA:37,5
DA:39,5
DA:40,5
DA:41,5
DA:42,5
DA:43,5
DA:44,5
DA:45,5
DA:46,5
DA:47,5
DA:49,5
DA:50,5
DA:51,4
DA:53,5
DA:55,5
DA:57,1
DA:58,1
DA:59,1
DA:60,1
DA:61,1
DA:62,1
DA:63,1
DA:65,1
LF:53
LH:53
BRDA:7,0,0,6
BRDA:14,1,0,5
BRDA:36,2,0,1
BRDA:36,3,0,4
BRDA:40,4,0,1
BRDA:40,5,0,4
BRDA:50,6,0,4
BRDA:55,7,0,1
BRDA:8,8,0,20
BRDA:9,9,0,20
BRDA:10,10,0,20
BRDA:11,11,0,20
BRDA:18,12,0,1
BRDA:22,13,0,0
BRDA:29,14,0,1
BRDA:46,15,0,1
BRF:16
BRH:15
end_of_record
TN:
SF:src/features/file-explorer/FileTree.tsx
FN:4,FileTree
FNF:1
FNH:1
FNDA:3,FileTree
DA:1,1
DA:2,1
DA:4,1
DA:5,3
DA:7,3
DA:8,3
DA:9,3
DA:10,0
DA:11,3
DA:12,3
DA:14,3
LF:11
LH:10
BRDA:4,0,0,3
BRF:1
BRH:1
end_of_record
TN:
SF:src/features/file-explorer/FileTreeNode.tsx
FN:17,FileTreeNode
FNF:1
FNH:0
FNDA:0,FileTreeNode
DA:1,1
DA:2,1
DA:3,1
DA:4,1
DA:5,1
DA:6,1
DA:7,1
DA:17,1
DA:18,0
DA:19,0
DA:20,0
DA:21,0
DA:22,0
DA:23,0
DA:24,0
DA:25,0
DA:26,0
DA:28,0
DA:29,0
DA:30,0
DA:33,0
DA:35,0
DA:36,0
DA:37,0
DA:38,0
DA:39,0
DA:41,0
DA:42,0
DA:43,0
DA:44,0
DA:45,0
DA:46,0
DA:47,0
DA:49,0
DA:50,0
DA:51,0
DA:52,0
DA:53,0
DA:54,0
DA:56,0
DA:57,0
DA:58,0
DA:59,0
DA:60,0
DA:62,0
DA:63,0
DA:64,0
DA:65,0
DA:67,0
DA:68,0
DA:69,0
DA:70,0
DA:72,0
DA:73,0
DA:74,0
DA:76,0
DA:77,0
DA:78,0
DA:80,0
DA:81,0
DA:82,0
DA:83,0
DA:84,0
DA:85,0
DA:86,0
DA:87,0
DA:88,0
DA:89,0
DA:90,0
DA:91,0
DA:93,0
DA:94,0
DA:95,0
DA:96,0
DA:97,0
DA:98,0
DA:99,0
DA:101,0
DA:102,0
DA:103,0
DA:104,0
DA:106,0
DA:107,0
DA:108,0
DA:110,0
DA:111,0
DA:112,0
DA:113,0
DA:115,0
DA:116,0
DA:117,0
DA:119,0
DA:120,0
DA:121,0
DA:122,0
DA:123,0
DA:124,0
DA:125,0
DA:126,0
DA:127,0
DA:128,0
DA:130,0
DA:131,0
DA:132,0
DA:133,0
DA:134,0
DA:135,0
DA:136,0
DA:137,0
DA:138,0
DA:139,0
DA:140,0
DA:141,0
DA:143,0
DA:144,0
DA:145,0
DA:147,0
DA:150,0
DA:152,0
DA:153,0
DA:154,0
DA:155,0
DA:156,0
DA:157,0
DA:158,0
DA:159,0
DA:160,0
DA:161,0
DA:162,0
DA:164,0
DA:165,0
DA:166,0
DA:168,0
DA:169,0
DA:171,0
DA:172,0
DA:173,0
DA:175,0
DA:176,0
DA:177,0
DA:178,0
DA:179,0
DA:180,0
DA:183,0
DA:184,0
DA:185,0
DA:186,0
DA:187,0
DA:188,0
DA:189,0
DA:190,0
DA:191,0
DA:193,0
DA:194,0
DA:196,0
DA:197,0
DA:200,0
DA:201,0
DA:202,0
DA:204,0
LF:160
LH:8
BRF:0
BRH:0
end_of_record
TN:
SF:src/features/file-explorer/file-icons.ts
FN:37,iconForEntry
FNF:1
FNH:0
FNDA:0,iconForEntry
DA:1,1
DA:14,1
DA:15,1
DA:16,1
DA:17,1
DA:18,1
DA:19,1
DA:20,1
DA:21,1
DA:22,1
DA:23,1
DA:24,1
DA:25,1
DA:26,1
DA:27,1
DA:28,1
DA:29,1
DA:30,1
DA:31,1
DA:32,1
DA:33,1
DA:34,1
DA:35,1
DA:37,1
DA:38,0
DA:40,0
DA:41,0
DA:42,0
LF:28
LH:24
BRF:0
BRH:0
end_of_record
TN:
SF:src/features/file-explorer/useFileTree.ts
FN:18,useFileTree
FN:27,loadDirectory
FN:49,toggleExpand
FN:74,refreshParentOf
FNF:4
FNH:2
FNDA:3,useFileTree
FNDA:1,loadDirectory
FNDA:0,toggleExpand
FNDA:0,refreshParentOf
DA:1,1
DA:2,1
DA:3,1
DA:18,1
DA:19,3
DA:20,3
DA:22,3
DA:23,3
DA:24,3
DA:25,3
DA:27,3
DA:28,1
DA:29,1
DA:30,1
DA:31,1
DA:32,1
DA:33,0
DA:34,0
DA:35,1
DA:37,3
DA:38,1
DA:39,1
DA:41,1
DA:42,0
DA:43,0
DA:44,0
DA:46,1
DA:47,3
DA:49,3
DA:50,0
DA:51,0
DA:53,0
DA:54,0
DA:55,0
DA:56,0
DA:58,0
DA:59,0
DA:60,0
DA:61,0
DA:62,0
DA:63,0
DA:64,0
DA:65,0
DA:66,0
DA:67,0
DA:68,0
DA:70,0
DA:71,0
DA:72,0
DA:74,3
DA:75,0
DA:76,0
DA:77,0
DA:79,3
DA:80,3
LF:55
LH:27
BRDA:18,0,0,3
BRDA:19,1,0,10
BRDA:20,2,0,10
BRDA:27,3,0,1
BRDA:29,4,0,0
BRDA:32,5,0,0
BRDA:37,6,0,1
BRDA:41,7,0,0
BRF:8
BRH:5
end_of_record
TN:
SF:src/features/git/CommitPanel.tsx
FN:5,CommitPanel
FN:19,onChange
FN:30,onClick
FN:39,onClick
FNF:4
FNH:2
FNDA:14,CommitPanel
FNDA:10,onChange
FNDA:0,onClick
FNDA:0,onClick
DA:1,1
DA:2,1
DA:3,1
DA:5,1
DA:6,14
DA:7,14
DA:8,14
DA:9,14
DA:10,14
DA:11,14
DA:12,14
DA:13,14
DA:15,14
DA:16,14
DA:17,14
DA:18,14
DA:19,14
DA:20,14
DA:21,14
DA:22,14
DA:23,14
DA:24,14
DA:25,14
DA:26,14
DA:27,14
DA:28,14
DA:29,14
DA:30,14
DA:31,14
DA:33,14
DA:34,14
DA:35,14
DA:36,14
DA:37,14
DA:38,14
DA:39,14
DA:40,14
DA:42,14
DA:43,14
DA:44,14
DA:45,14
DA:47,14
LF:42
LH:42
BRDA:5,0,0,14
BRDA:29,1,0,0
BRDA:29,2,0,0
BRDA:31,3,0,0
BRDA:33,4,0,0
BRDA:38,5,0,13
BRDA:38,6,0,10
BRDA:42,7,0,0
BRDA:42,8,0,13
BRDA:42,9,0,1
BRDA:6,10,0,54
BRDA:7,11,0,54
BRDA:8,12,0,54
BRDA:9,13,0,54
BRDA:10,14,0,54
BRDA:11,15,0,54
BRDA:12,16,0,54
BRDA:13,17,0,54
BRDA:13,18,0,0
BRDA:19,19,0,10
BRF:20
BRH:14
end_of_record
TN:
SF:src/features/git/ConflictResolver.tsx
FN:17,ConflictResolver
FN:38,resolveBlock
FN:57,save
FN:73,onClick
FN:88,onClick
FN:91,onClick
FN:94,onClick
FNF:7
FNH:1
FNDA:3,ConflictResolver
FNDA:0,resolveBlock
FNDA:0,save
FNDA:0,onClick
FNDA:0,onClick
FNDA:0,onClick
FNDA:0,onClick
DA:1,1
DA:2,1
DA:3,1
DA:4,1
DA:17,1
DA:18,3
DA:19,3
DA:20,3
DA:22,3
DA:23,1
DA:24,1
DA:25,1
DA:26,1
DA:27,1
DA:28,1
DA:29,1
DA:30,1
DA:31,1
DA:32,3
DA:34,3
DA:35,1
DA:36,1
DA:38,2
DA:39,0
DA:40,0
DA:41,0
DA:42,0
DA:43,0
DA:44,0
DA:45,0
DA:46,0
DA:47,0
DA:48,0
DA:49,0
DA:50,0
DA:51,0
DA:52,0
DA:53,0
DA:55,2
DA:57,2
DA:58,0
DA:59,0
DA:60,0
DA:61,0
DA:62,0
DA:63,0
DA:64,0
DA:65,0
DA:67,2
DA:68,2
DA:69,2
DA:70,2
DA:71,3
DA:72,3
DA:73,3
DA:74,3
DA:75,3
DA:76,3
DA:77,3
DA:78,3
DA:79,2
DA:80,2
DA:81,2
DA:82,2
DA:84,0
DA:85,0
DA:86,0
DA:87,0
DA:88,0
DA:89,0
DA:90,0
DA:91,0
DA:92,0
DA:93,0
DA:94,0
DA:96,0
DA:97,0
DA:98,0
DA:99,0
DA:100,0
DA:101,0
DA:102,0
DA:103,0
DA:105,3
DA:106,3
DA:107,3
DA:109,3
LF:87
LH:45
BRDA:17,0,0,3
BRDA:34,1,0,1
BRDA:36,2,0,2
BRDA:71,3,0,0
BRDA:71,4,0,2
BRDA:73,5,0,2
BRDA:74,6,0,0
BRDA:74,7,0,2
BRDA:18,8,0,8
BRDA:22,9,0,1
BRDA:25,10,0,1
BRDA:26,11,0,0
BRDA:27,12,0,0
BRDA:29,13,0,1
BRDA:55,14,0,2
BRDA:78,15,0,2
BRDA:82,16,0,0
BRF:17
BRH:12
end_of_record
TN:
SF:src/features/git/DiffViewer.tsx
FN:14,DiffViewer
FNF:1
FNH:0
FNDA:0,DiffViewer
DA:1,1
DA:3,1
DA:4,1
DA:5,1
DA:14,1
DA:15,0
DA:16,0
DA:17,0
DA:18,0
DA:19,0
DA:20,0
DA:21,0
DA:22,0
DA:23,0
DA:24,0
DA:27,0
DA:28,0
DA:30,0
DA:31,0
DA:32,0
DA:33,0
DA:34,0
DA:35,0
DA:37,0
DA:38,0
DA:39,0
DA:40,0
DA:42,0
DA:44,0
DA:45,0
DA:46,0
DA:47,0
DA:49,0
DA:50,0
DA:51,0
DA:52,0
DA:54,0
DA:55,0
DA:56,0
DA:57,0
DA:58,0
DA:59,0
DA:60,0
DA:61,0
DA:63,0
DA:64,0
DA:65,0
DA:67,0
DA:68,0
DA:69,0
DA:70,0
DA:71,0
DA:72,0
DA:73,0
DA:75,0
DA:76,0
DA:78,0
DA:79,0
DA:80,0
DA:81,0
DA:85,0
DA:86,0
DA:87,0
DA:88,0
DA:89,0
DA:90,0
DA:91,0
DA:93,0
DA:95,0
DA:96,0
DA:97,0
DA:98,0
DA:99,0
DA:100,0
DA:101,0
DA:102,0
DA:103,0
DA:104,0
DA:105,0
DA:107,0
DA:108,0
DA:109,0
DA:110,0
DA:111,0
DA:113,0
DA:115,0
DA:116,0
DA:117,0
DA:119,0
LF:89
LH:5
BRF:0
BRH:0
end_of_record
TN:
SF:src/features/git/GitFileItem.tsx
FN:11,GitFileItem
FNF:1
FNH:1
FNDA:6,GitFileItem
DA:2,1
DA:11,1
DA:12,6
DA:13,6
DA:14,6
DA:15,6
DA:16,6
DA:17,6
DA:19,6
DA:20,6
DA:21,6
DA:22,6
DA:23,6
DA:24,6
DA:25,6
DA:26,0
DA:27,0
DA:28,0
DA:30,6
DA:31,6
DA:32,6
DA:33,6
DA:34,6
DA:36,6
DA:37,6
DA:38,6
DA:40,6
LF:27
LH:24
BRDA:11,0,0,6
BRDA:25,1,0,0
BRF:2
BRH:1
end_of_record
TN:
SF:src/features/git/GitPanel.tsx
FN:10,GitPanel
FN:34,onClick
FN:79,onOpenDiff
FN:80,onToggleStage
FN:86,onOpenDiff
FN:87,onToggleStage
FN:89,onStageAll
FN:95,onOpenDiff
FN:96,onToggleStage
FN:98,onStageAll
FNF:10
FNH:2
FNDA:12,GitPanel
FNDA:0,onClick
FNDA:0,onOpenDiff
FNDA:0,onToggleStage
FNDA:0,onOpenDiff
FNDA:1,onToggleStage
FNDA:0,onStageAll
FNDA:0,onOpenDiff
FNDA:0,onToggleStage
FNDA:0,onStageAll
DA:1,1
DA:2,1
DA:3,1
DA:4,1
DA:5,1
DA:6,1
DA:7,1
DA:8,1
DA:10,1
DA:11,12
DA:12,12
DA:13,12
DA:14,12
DA:15,12
DA:16,12
DA:17,12
DA:18,12
DA:20,12
DA:21,6
DA:22,12
DA:24,12
DA:25,1
DA:26,1
DA:28,12
DA:29,6
DA:30,6
DA:31,6
DA:32,1
DA:33,1
DA:34,1
DA:35,1
DA:36,1
DA:38,1
DA:40,6
DA:42,6
DA:44,12
DA:45,12
DA:46,1
DA:47,1
DA:49,12
DA:50,0
DA:51,0
DA:53,4
DA:54,4
DA:55,1
DA:56,0
DA:57,0
DA:59,12
DA:60,12
DA:61,12
DA:62,12
DA:63,12
DA:64,12
DA:65,0
DA:66,0
DA:67,0
DA:68,0
DA:70,12
DA:71,12
DA:72,12
DA:73,0
DA:75,4
DA:76,4
DA:77,4
DA:78,4
DA:79,4
DA:80,4
DA:81,4
DA:82,4
DA:83,4
DA:84,4
DA:85,4
DA:86,4
DA:87,4
DA:88,4
DA:89,4
DA:90,4
DA:91,4
DA:92,4
DA:93,4
DA:94,4
DA:95,4
DA:96,4
DA:97,4
DA:98,4
DA:99,4
DA:100,4
DA:101,4
DA:103,12
DA:104,12
DA:105,12
DA:107,12
LF:92
LH:83
BRDA:10,0,0,12
BRDA:24,1,0,1
BRDA:26,2,0,11
BRDA:28,3,0,6
BRDA:30,4,0,1
BRDA:30,5,0,5
BRDA:31,6,0,1
BRDA:42,7,0,5
BRDA:44,8,0,1
BRDA:45,9,0,1
BRDA:47,10,0,4
BRDA:49,11,0,0
BRDA:51,12,0,4
BRDA:54,13,0,1
BRDA:55,14,0,0
BRDA:56,15,0,0
BRDA:63,16,0,0
BRDA:64,17,0,4
BRDA:64,18,0,0
BRDA:72,19,0,0
BRDA:73,20,0,4
BRDA:11,21,0,58
BRDA:12,22,0,58
BRDA:13,23,0,58
BRDA:14,24,0,58
BRDA:15,25,0,58
BRDA:16,26,0,58
BRDA:17,27,0,58
BRDA:18,28,0,58
BRDA:20,29,0,6
BRDA:21,30,0,5
BRDA:87,31,0,1
BRF:32
BRH:26
end_of_record
TN:
SF:src/features/git/GitStatusSection.tsx
FN:17,GitStatusSection
FN:36,onClick
FN:58,onOpenDiff
FN:59,onToggleStage
FNF:4
FNH:2
FNDA:12,GitStatusSection
FNDA:0,onClick
FNDA:0,onOpenDiff
FNDA:1,onToggleStage
DA:1,1
DA:2,1
DA:4,1
DA:17,1
DA:18,12
DA:19,12
DA:20,12
DA:21,12
DA:22,12
DA:23,12
DA:24,12
DA:25,12
DA:26,12
DA:27,12
DA:29,12
DA:31,6
DA:32,6
DA:33,6
DA:34,6
DA:35,6
DA:36,6
DA:37,6
DA:39,12
DA:40,12
DA:41,12
DA:42,12
DA:43,12
DA:44,3
DA:45,3
DA:46,3
DA:47,3
DA:49,3
DA:50,3
DA:52,12
DA:53,12
DA:54,6
DA:55,6
DA:56,6
DA:57,6
DA:58,6
DA:59,6
DA:60,6
DA:61,6
DA:62,6
DA:63,12
DA:65,12
LF:46
LH:46
BRDA:17,0,0,12
BRDA:29,1,0,6
BRDA:39,2,0,0
BRDA:43,3,0,3
BRDA:53,4,0,6
BRDA:54,5,0,6
BRDA:59,6,0,1
BRF:7
BRH:6
end_of_record
TN:
SF:src/features/git/git-status-display.ts
FN:33,firstMatch
FN:49,getGitDecorationForPath
FNF:2
FNH:2
FNDA:5,firstMatch
FNDA:10,getGitDecorationForPath
DA:9,1
DA:10,1
DA:11,1
DA:12,1
DA:13,1
DA:14,1
DA:15,1
DA:16,1
DA:17,1
DA:19,1
DA:20,1
DA:21,1
DA:22,1
DA:23,1
DA:24,1
DA:25,1
DA:26,1
DA:27,1
DA:33,5
DA:34,5
DA:35,5
DA:36,4
DA:37,5
DA:38,3
DA:39,5
DA:40,2
DA:41,5
DA:42,1
DA:43,1
DA:49,1
DA:50,10
DA:51,10
DA:52,10
DA:53,10
DA:54,10
DA:56,10
DA:58,4
DA:59,4
DA:60,4
DA:61,10
DA:63,10
DA:64,1
DA:65,1
DA:66,0
DA:67,0
DA:68,10
DA:69,10
LF:47
LH:45
BRDA:33,0,0,5
BRDA:35,1,0,1
BRDA:35,2,0,4
BRDA:37,3,0,1
BRDA:37,4,0,3
BRDA:39,5,0,1
BRDA:39,6,0,2
BRDA:41,7,0,1
BRDA:34,8,0,1
BRDA:36,9,0,1
BRDA:38,10,0,1
BRDA:40,11,0,1
BRDA:49,12,0,10
BRDA:54,13,0,1
BRDA:54,14,0,9
BRDA:56,15,0,5
BRDA:56,16,0,4
BRDA:61,17,0,2
BRDA:63,18,0,1
BRDA:65,19,0,0
BRDA:68,20,0,0
BRDA:60,21,0,5
BRDA:63,22,0,1
BRDA:64,23,0,1
BRF:24
BRH:22
end_of_record
TN:
SF:src/features/settings/Settings.tsx
FN:18,Settings
FN:43,onClick
FN:50,onClick
FN:70,onChange
FN:82,onChange
FN:99,onChange
FN:100,onBlur
FN:107,onClick
FNF:8
FNH:7
FNDA:33,Settings
FNDA:0,onClick
FNDA:1,onClick
FNDA:2,onChange
FNDA:1,onChange
FNDA:22,onChange
FNDA:1,onBlur
FNDA:1,onClick
DA:1,1
DA:2,1
DA:3,1
DA:4,1
DA:5,1
DA:6,1
DA:18,1
DA:19,33
DA:20,33
DA:21,33
DA:22,33
DA:23,33
DA:24,33
DA:25,33
DA:26,33
DA:28,33
DA:30,33
DA:31,33
DA:32,33
DA:33,33
DA:34,33
DA:36,33
DA:37,33
DA:38,33
DA:39,33
DA:40,33
DA:41,33
DA:42,33
DA:43,33
DA:44,33
DA:46,33
DA:47,33
DA:48,33
DA:49,33
DA:50,33
DA:51,33
DA:53,33
DA:54,33
DA:55,33
DA:56,33
DA:58,33
DA:59,33
DA:60,33
DA:61,33
DA:63,33
DA:64,33
DA:65,33
DA:66,33
DA:67,33
DA:68,33
DA:69,33
DA:70,33
DA:71,33
DA:72,33
DA:73,33
DA:74,33
DA:75,33
DA:77,33
DA:78,33
DA:79,33
DA:80,33
DA:81,33
DA:82,33
DA:83,33
DA:84,33
DA:85,33
DA:86,33
DA:88,33
DA:89,33
DA:90,33
DA:91,33
DA:93,33
DA:94,33
DA:95,33
DA:96,33
DA:97,33
DA:98,33
DA:99,33
DA:100,33
DA:101,33
DA:102,33
DA:103,33
DA:104,33
DA:105,33
DA:106,33
DA:107,33
DA:108,1
DA:109,1
DA:110,1
DA:111,33
DA:113,33
DA:114,33
DA:115,33
DA:119,33
DA:120,33
DA:121,33
DA:122,33
DA:123,33
DA:125,33
LF:99
LH:99
BRDA:18,0,0,33
BRDA:41,1,0,0
BRDA:48,2,0,0
BRDA:19,3,0,101
BRDA:20,4,0,101
BRDA:21,5,0,101
BRDA:22,6,0,101
BRDA:23,7,0,101
BRDA:24,8,0,101
BRDA:25,9,0,101
BRDA:26,10,0,101
BRDA:50,11,0,1
BRDA:70,12,0,2
BRDA:82,13,0,1
BRDA:99,14,0,22
BRDA:100,15,0,1
BRDA:107,16,0,1
BRF:17
BRH:15
end_of_record
TN:
SF:src/features/terminal/TerminalPanel.tsx
FN:1,(empty-report)
FNF:1
FNH:0
FNDA:0,(empty-report)
DA:1,0
DA:2,0
DA:3,0
DA:5,0
DA:6,0
DA:7,0
DA:9,0
DA:10,0
DA:11,0
DA:12,0
DA:13,0
DA:14,0
DA:16,0
DA:18,0
DA:19,0
DA:20,0
DA:21,0
DA:22,0
DA:24,0
LF:19
LH:0
BRDA:1,0,0,0
BRF:1
BRH:0
end_of_record
TN:
SF:src/features/terminal/TerminalTab.tsx
FN:1,(empty-report)
FNF:1
FNH:0
FNDA:0,(empty-report)
DA:1,0
DA:10,0
DA:11,0
DA:13,0
DA:14,0
LF:5
LH:0
BRDA:1,0,0,0
BRF:1
BRH:0
end_of_record
TN:
SF:src/features/terminal/TerminalTabBar.tsx
FN:1,(empty-report)
FNF:1
FNH:0
FNDA:0,(empty-report)
DA:1,0
DA:2,0
DA:3,0
DA:5,0
DA:6,0
DA:7,0
DA:8,0
DA:9,0
DA:10,0
DA:12,0
DA:13,0
DA:14,0
DA:15,0
DA:16,0
DA:17,0
DA:18,0
DA:19,0
DA:20,0
DA:21,0
DA:22,0
DA:23,0
DA:24,0
DA:25,0
DA:26,0
DA:27,0
DA:28,0
DA:29,0
DA:30,0
DA:32,0
DA:33,0
DA:34,0
DA:36,0
LF:32
LH:0
BRDA:1,0,0,0
BRF:1
BRH:0
end_of_record
TN:
SF:src/features/terminal/useTerminal.ts
FN:1,(empty-report)
FNF:1
FNH:0
FNDA:0,(empty-report)
DA:1,0
DA:2,0
DA:3,0
DA:4,0
DA:5,0
DA:6,0
DA:7,0
DA:8,0
DA:18,0
DA:19,0
DA:20,0
DA:21,0
DA:22,0
DA:24,0
DA:25,0
DA:26,0
DA:28,0
DA:29,0
DA:30,0
DA:31,0
DA:32,0
DA:33,0
DA:34,0
DA:35,0
DA:36,0
DA:37,0
DA:38,0
DA:39,0
DA:40,0
DA:41,0
DA:43,0
DA:44,0
DA:45,0
DA:46,0
DA:47,0
DA:49,0
DA:51,0
DA:52,0
DA:53,0
DA:55,0
DA:57,0
DA:58,0
DA:60,0
DA:61,0
DA:62,0
DA:64,0
DA:65,0
DA:66,0
DA:68,0
DA:69,0
DA:70,0
DA:74,0
DA:75,0
DA:76,0
DA:78,0
DA:79,0
DA:80,0
DA:81,0
DA:82,0
DA:84,0
DA:85,0
DA:86,0
DA:87,0
DA:88,0
DA:89,0
DA:90,0
DA:91,0
DA:92,0
DA:94,0
DA:95,0
LF:70
LH:0
BRDA:1,0,0,0
BRF:1
BRH:0
end_of_record
TN:
SF:src/hooks/useAiEventBridge.ts
FN:11,useAiEventBridge
FNF:1
FNH:1
FNDA:5,useAiEventBridge
DA:1,1
DA:2,1
DA:11,1
DA:12,5
DA:13,5
DA:14,5
DA:15,5
DA:16,5
DA:17,5
DA:18,5
DA:19,5
DA:21,5
DA:22,1
DA:23,5
DA:24,5
DA:25,0
DA:26,5
DA:27,5
DA:28,0
DA:29,5
DA:30,5
DA:31,1
DA:32,1
DA:33,1
DA:34,1
DA:35,1
DA:36,1
DA:37,1
DA:38,5
DA:39,5
DA:40,0
DA:41,5
DA:42,5
DA:43,0
DA:44,5
DA:45,5
DA:46,1
DA:47,5
DA:48,5
DA:49,1
DA:50,5
DA:51,5
LF:42
LH:38
BRDA:11,0,0,5
BRDA:12,1,0,15
BRDA:13,2,0,15
BRDA:14,3,0,15
BRDA:15,4,0,15
BRDA:16,5,0,15
BRDA:17,6,0,15
BRDA:18,7,0,15
BRDA:19,8,0,15
BRDA:21,9,0,1
BRDA:30,10,0,1
BRDA:45,11,0,1
BRDA:48,12,0,1
BRF:13
BRH:13
end_of_record
TN:
SF:src/hooks/useIpc.ts
FN:1,(empty-report)
FNF:1
FNH:1
FNDA:1,(empty-report)
DA:4,0
DA:5,0
DA:6,0
LF:3
LH:0
BRDA:1,0,0,1
BRF:1
BRH:1
end_of_record
TN:
SF:src/hooks/useKeyBinding.ts
FN:11,matches
FN:23,useKeyBinding
FN:28,handleKeyDown
FNF:3
FNH:3
FNDA:6,matches
FNDA:8,useKeyBinding
FNDA:6,handleKeyDown
DA:1,1
DA:11,6
DA:12,6
DA:13,6
DA:14,0
DA:15,6
DA:16,6
DA:17,6
DA:18,6
DA:23,1
DA:24,8
DA:25,8
DA:27,8
DA:28,7
DA:29,6
DA:30,6
DA:31,4
DA:32,4
DA:33,4
DA:34,6
DA:36,7
DA:37,7
DA:38,8
DA:39,8
LF:24
LH:23
BRDA:11,0,0,6
BRDA:13,1,0,2
BRDA:13,2,0,0
BRDA:15,3,0,1
BRDA:15,4,0,5
BRDA:16,5,0,0
BRDA:17,6,0,5
BRDA:17,7,0,4
BRDA:17,8,0,4
BRDA:23,9,0,8
BRDA:27,10,0,7
BRDA:28,11,0,6
BRDA:30,12,0,4
BRDA:29,13,0,6
BRDA:37,14,0,7
BRF:15
BRH:13
end_of_record
TN:
SF:src/hooks/useTheme.ts
FN:14,useTheme
FNF:1
FNH:1
FNDA:6,useTheme
DA:1,1
DA:2,1
DA:14,1
DA:15,6
DA:16,6
DA:17,6
DA:19,6
DA:20,6
DA:21,6
DA:23,6
DA:24,6
LF:11
LH:11
BRDA:14,0,0,6
BRDA:15,1,0,20
BRDA:16,2,0,20
BRDA:17,3,0,20
BRDA:19,4,0,6
BRF:5
BRH:5
end_of_record
TN:
SF:src/hooks/useWebSocket.ts
FN:8,useWebSocketEvent
FNF:1
FNH:1
FNDA:43,useWebSocketEvent
DA:1,1
DA:2,1
DA:8,1
DA:9,43
DA:11,43
DA:12,43
DA:13,43
DA:14,43
LF:8
LH:8
BRDA:8,0,0,43
BRDA:9,1,0,129
BRDA:11,2,0,43
BRF:3
BRH:3
end_of_record
TN:
SF:src/layout/ActivityBar.tsx
FN:14,ActivityBar
FN:29,onClick
FNF:2
FNH:2
FNDA:10,ActivityBar
FNDA:2,onClick
DA:1,1
DA:2,1
DA:5,1
DA:6,1
DA:7,1
DA:8,1
DA:9,1
DA:10,1
DA:11,1
DA:12,1
DA:14,1
DA:15,10
DA:16,10
DA:17,10
DA:19,10
DA:20,10
DA:21,10
DA:22,60
DA:23,60
DA:24,60
DA:25,60
DA:26,60
DA:27,60
DA:28,60
DA:29,60
DA:30,60
DA:31,60
DA:32,60
DA:33,60
DA:35,60
DA:36,60
DA:38,10
DA:39,10
DA:41,10
LF:34
LH:34
BRDA:14,0,0,10
BRDA:15,1,0,32
BRDA:16,2,0,32
BRDA:17,3,0,32
BRDA:21,4,0,60
BRDA:22,5,0,48
BRDA:32,6,0,8
BRDA:32,7,0,52
BRDA:29,8,0,2
BRF:9
BRH:9
end_of_record
TN:
SF:src/layout/BottomPanel.tsx
FN:9,BottomPanel
FNF:1
FNH:1
FNDA:4,BottomPanel
DA:9,1
DA:10,4
DA:11,4
LF:3
LH:3
BRDA:9,0,0,4
BRF:1
BRH:1
end_of_record
TN:
SF:src/layout/EditorArea.tsx
FN:7,EditorArea
FNF:1
FNH:1
FNDA:5,EditorArea
DA:7,1
DA:8,5
DA:9,5
LF:3
LH:3
BRDA:7,0,0,5
BRF:1
BRH:1
end_of_record
TN:
SF:src/layout/IDELayout.tsx
FN:16,IDELayout
FNF:1
FNH:1
FNDA:4,IDELayout
DA:2,1
DA:3,1
DA:4,1
DA:5,1
DA:6,1
DA:7,1
DA:8,1
DA:16,1
DA:17,4
DA:18,4
DA:20,4
DA:21,4
DA:22,4
DA:23,4
DA:24,4
DA:25,4
DA:26,3
DA:27,3
DA:28,3
DA:29,3
DA:30,3
DA:31,3
DA:33,4
DA:34,4
DA:35,4
DA:36,4
DA:37,4
DA:38,4
DA:39,3
DA:40,3
DA:41,3
DA:42,3
DA:43,3
DA:44,3
DA:46,4
DA:47,4
DA:48,4
DA:49,4
DA:50,4
DA:51,4
DA:53,4
LF:41
LH:41
BRDA:16,0,0,4
BRDA:25,1,0,3
BRDA:38,2,0,3
BRDA:17,3,0,12
BRDA:18,4,0,12
BRF:5
BRH:5
end_of_record
TN:
SF:src/layout/LeftSidebar.tsx
FN:8,LeftSidebar
FNF:1
FNH:1
FNDA:3,LeftSidebar
DA:8,1
DA:9,3
DA:10,3
LF:3
LH:3
BRDA:8,0,0,3
BRF:1
BRH:1
end_of_record
TN:
SF:src/layout/ResizablePanel.tsx
FN:9,ResizablePanelGroup
FN:13,ResizablePanel
FN:17,ResizeHandle
FNF:3
FNH:3
FNDA:8,ResizablePanelGroup
FNDA:14,ResizablePanel
FNDA:6,ResizeHandle
DA:1,1
DA:9,1
DA:10,8
DA:11,8
DA:13,1
DA:14,14
DA:15,14
DA:17,1
DA:18,6
DA:19,6
DA:20,6
DA:21,6
DA:22,6
DA:23,6
DA:24,6
DA:25,6
DA:26,6
DA:28,6
LF:18
LH:18
BRDA:9,0,0,8
BRDA:13,1,0,14
BRDA:17,2,0,6
BRF:3
BRH:3
end_of_record
TN:
SF:src/layout/StatusBar.tsx
FN:4,StatusBar
FN:25,onClick
FN:44,onClick
FNF:3
FNH:3
FNDA:11,StatusBar
FNDA:1,onClick
FNDA:2,onClick
DA:1,1
DA:2,1
DA:4,1
DA:5,11
DA:6,11
DA:7,11
DA:8,11
DA:9,11
DA:10,11
DA:11,11
DA:12,11
DA:13,11
DA:14,11
DA:16,11
DA:18,11
DA:19,11
DA:20,11
DA:21,11
DA:22,11
DA:23,1
DA:24,1
DA:25,1
DA:26,1
DA:28,1
DA:29,1
DA:30,1
DA:32,11
DA:33,11
DA:34,11
DA:35,11
DA:36,1
DA:37,1
DA:38,1
DA:40,11
DA:41,11
DA:42,11
DA:43,11
DA:44,11
DA:46,11
DA:47,11
DA:48,11
DA:49,11
DA:51,11
LF:43
LH:43
BRDA:4,0,0,11
BRDA:16,1,0,10
BRDA:21,2,0,9
BRDA:22,3,0,1
BRDA:34,4,0,1
BRDA:35,5,0,1
BRDA:46,6,0,5
BRDA:46,7,0,6
BRDA:46,8,0,1
BRDA:46,9,0,5
BRDA:5,10,0,35
BRDA:6,11,0,35
BRDA:7,12,0,35
BRDA:8,13,0,35
BRDA:9,14,0,35
BRDA:10,15,0,35
BRDA:11,16,0,35
BRDA:12,17,0,35
BRDA:13,18,0,35
BRDA:13,19,0,4
BRDA:14,20,0,35
BRDA:16,21,0,1
BRDA:25,22,0,1
BRDA:44,23,0,2
BRDA:44,24,0,1
BRDA:44,25,0,1
BRF:26
BRH:26
end_of_record
TN:
SF:src/lib/backend-config.ts
FN:9,getBackendHttpBaseUrl
FN:16,getBackendWsBaseUrl
FN:21,setBackendHttpBaseUrl
FNF:3
FNH:1
FNDA:38,getBackendHttpBaseUrl
FNDA:0,getBackendWsBaseUrl
FNDA:0,setBackendHttpBaseUrl
DA:6,1
DA:7,1
DA:9,1
DA:10,38
DA:11,38
DA:16,1
DA:17,0
DA:18,0
DA:21,1
DA:22,0
DA:23,0
DA:24,0
DA:25,0
DA:26,0
DA:27,0
DA:28,0
LF:16
LH:7
BRDA:9,0,0,38
BRF:1
BRH:1
end_of_record
TN:
SF:src/lib/conflict-parser.ts
FN:25,parseConflictMarkers
FN:31,flushText
FN:67,hasConflictMarkers
FN:74,joinSegments
FNF:4
FNH:4
FNDA:10,parseConflictMarkers
FNDA:16,flushText
FNDA:2,hasConflictMarkers
FNDA:2,joinSegments
DA:16,1
DA:17,1
DA:18,1
DA:25,1
DA:26,10
DA:27,10
DA:28,10
DA:29,10
DA:31,10
DA:32,16
DA:33,11
DA:34,11
DA:35,11
DA:36,16
DA:38,10
DA:39,25
DA:41,25
DA:42,7
DA:43,7
DA:45,7
DA:46,6
DA:47,6
DA:48,6
DA:49,6
DA:50,6
DA:51,6
DA:52,6
DA:53,6
DA:54,6
DA:55,6
DA:56,6
DA:57,7
DA:59,19
DA:60,19
DA:61,19
DA:63,10
DA:64,10
DA:65,10
DA:67,1
DA:68,2
DA:69,2
DA:74,1
DA:75,2
DA:76,2
DA:77,2
DA:78,2
LF:46
LH:46
BRDA:25,0,0,10
BRDA:38,1,0,25
BRDA:39,2,0,0
BRDA:41,3,0,7
BRDA:43,4,0,6
BRDA:43,5,0,1
BRDA:45,6,0,6
BRDA:45,7,0,6
BRDA:49,8,0,0
BRDA:51,9,0,0
BRDA:51,10,0,0
BRDA:57,11,0,19
BRDA:31,12,0,16
BRDA:32,13,0,11
BRDA:42,14,0,30
BRDA:42,15,0,15
BRDA:43,16,0,39
BRDA:43,17,0,12
BRDA:67,18,0,2
BRDA:68,19,0,2
BRDA:74,20,0,2
BRDA:76,21,0,4
BRDA:76,22,0,0
BRF:23
BRH:18
end_of_record
TN:
SF:src/lib/fuzzy-match.ts
FN:15,fuzzyMatch
FN:53,fuzzyFilter
FNF:2
FNH:2
FNDA:17,fuzzyMatch
FNDA:3,fuzzyFilter
DA:7,1
DA:15,1
DA:16,17
DA:17,1
DA:18,1
DA:20,16
DA:21,16
DA:23,16
DA:24,16
DA:25,16
DA:26,16
DA:28,17
DA:29,93
DA:31,30
DA:33,93
DA:35,93
DA:36,93
DA:37,10
DA:38,10
DA:40,30
DA:41,30
DA:42,30
DA:44,16
DA:45,17
DA:46,7
DA:47,7
DA:49,9
DA:50,9
DA:51,9
DA:53,1
DA:54,3
DA:56,2
DA:57,2
DA:58,2
DA:59,2
DA:60,2
DA:61,2
LF:37
LH:37
BRDA:15,0,0,17
BRDA:16,1,0,1
BRDA:18,2,0,16
BRDA:28,3,0,101
BRDA:28,4,0,93
BRDA:29,5,0,63
BRDA:29,6,0,30
BRDA:33,7,0,26
BRDA:33,8,0,4
BRDA:36,9,0,21
BRDA:36,10,0,10
BRDA:38,11,0,30
BRDA:42,12,0,16
BRDA:45,13,0,7
BRDA:47,14,0,9
BRDA:53,15,0,3
BRDA:54,16,0,1
BRDA:54,17,0,2
BRDA:57,18,0,8
BRDA:58,19,0,8
BRDA:59,20,0,1
BRDA:60,21,0,2
BRF:22
BRH:22
end_of_record
TN:
SF:src/lib/path-utils.ts
FN:2,basename
FN:7,dirname
FN:14,joinPath
FNF:3
FNH:3
FNDA:5,basename
FNDA:4,dirname
FNDA:3,joinPath
DA:2,1
DA:3,5
DA:4,5
DA:7,1
DA:8,4
DA:9,4
DA:10,4
DA:14,1
DA:15,3
DA:16,3
LF:10
LH:10
BRDA:2,0,0,5
BRDA:3,1,0,0
BRDA:7,2,0,4
BRDA:14,3,0,3
BRDA:15,4,0,2
BRDA:15,5,0,1
BRF:6
BRH:5
end_of_record
TN:
SF:src/lib/theme-storage.ts
FN:6,readPersistedTheme
FN:11,persistTheme
FNF:2
FNH:2
FNDA:25,readPersistedTheme
FNDA:2,persistTheme
DA:3,1
DA:6,1
DA:7,25
DA:8,25
DA:9,25
DA:11,1
DA:12,2
DA:13,2
DA:14,2
LF:9
LH:9
BRDA:6,0,0,25
BRDA:7,1,0,0
BRDA:8,2,0,0
BRDA:11,3,0,2
BRDA:12,4,0,0
BRF:5
BRH:2
end_of_record
TN:
SF:src/services/agent-client.ts
FN:44,parseErrorMessage
FN:49,request
FN:65,toTask
FN:80,toStep
FN:93,createAgentTask
FN:114,listAgentTasks
FN:122,getAgentTask
FN:127,getAgentTaskSteps
FN:132,approveAgentTask
FN:143,cancelAgentTask
FNF:10
FNH:6
FNDA:0,parseErrorMessage
FNDA:3,request
FNDA:1,toTask
FNDA:1,toStep
FNDA:1,createAgentTask
FNDA:0,listAgentTasks
FNDA:0,getAgentTask
FNDA:1,getAgentTaskSteps
FNDA:1,approveAgentTask
FNDA:0,cancelAgentTask
DA:1,1
DA:44,0
DA:45,0
DA:46,0
DA:47,0
DA:49,3
DA:50,3
DA:51,3
DA:52,3
DA:53,3
DA:54,3
DA:55,3
DA:56,3
DA:57,3
DA:58,3
DA:59,0
DA:60,0
DA:61,3
DA:62,2
DA:63,2
DA:65,1
DA:66,1
DA:67,1
DA:68,1
DA:69,1
DA:70,1
DA:71,1
DA:72,1
DA:73,1
DA:74,1
DA:75,1
DA:76,1
DA:77,1
DA:78,1
DA:80,1
DA:81,1
DA:82,1
DA:83,1
DA:84,1
DA:85,1
DA:86,1
DA:87,1
DA:88,1
DA:89,1
DA:90,1
DA:91,1
DA:93,1
DA:94,1
DA:95,1
DA:96,1
DA:97,1
DA:98,1
DA:99,1
DA:100,1
DA:101,1
DA:102,1
DA:103,1
DA:104,1
DA:105,1
DA:106,1
DA:107,1
DA:108,1
DA:109,1
DA:110,1
DA:111,1
DA:112,1
DA:114,0
DA:115,0
DA:116,0
DA:117,0
DA:118,0
DA:119,0
DA:120,0
DA:122,0
DA:123,0
DA:124,0
DA:125,0
DA:127,1
DA:128,1
DA:129,1
DA:130,1
DA:132,1
DA:133,1
DA:134,1
DA:135,1
DA:136,1
DA:137,1
DA:138,1
DA:139,1
DA:140,1
DA:141,1
DA:143,0
DA:144,0
DA:145,0
LF:94
LH:74
BRDA:49,0,0,3
BRDA:55,1,0,2
BRDA:58,2,0,0
BRDA:61,3,0,1
BRDA:61,4,0,2
BRDA:65,5,0,1
BRDA:80,6,0,1
BRDA:93,7,0,1
BRDA:127,8,0,1
BRDA:132,9,0,1
BRF:10
BRH:9
end_of_record
TN:
SF:src/services/auth-client.ts
FN:21,parseErrorMessage
FN:26,postAuth
FN:38,login
FN:42,register
FN:49,refreshToken
FN:53,getCurrentUser
FNF:6
FNH:4
FNDA:1,parseErrorMessage
FNDA:2,postAuth
FNDA:2,login
FNDA:0,register
FNDA:0,refreshToken
FNDA:1,getCurrentUser
DA:1,1
DA:21,1
DA:22,1
DA:23,1
DA:24,1
DA:26,2
DA:27,2
DA:28,2
DA:29,2
DA:30,2
DA:31,2
DA:32,2
DA:33,1
DA:34,1
DA:35,1
DA:36,1
DA:38,1
DA:39,2
DA:40,2
DA:42,1
DA:43,0
DA:44,0
DA:49,1
DA:50,0
DA:51,0
DA:53,1
DA:54,1
DA:55,1
DA:56,1
DA:57,1
DA:58,0
DA:59,0
DA:60,1
DA:61,1
LF:34
LH:28
BRDA:21,0,0,1
BRDA:23,1,0,0
BRDA:26,2,0,2
BRDA:32,3,0,1
BRDA:38,4,0,2
BRDA:53,5,0,1
BRDA:57,6,0,0
BRF:7
BRH:5
end_of_record
TN:
SF:src/services/chat-client.ts
FN:41,parseErrorMessage
FN:46,request
FN:62,toSession
FN:74,toMessage
FN:87,createChatSession
FN:100,listChatSessions
FN:108,getChatSession
FN:116,deleteChatSession
FN:120,sendChatMessage
FNF:9
FNH:7
FNDA:1,parseErrorMessage
FNDA:4,request
FNDA:2,toSession
FNDA:2,toMessage
FNDA:1,createChatSession
FNDA:0,listChatSessions
FNDA:2,getChatSession
FNDA:0,deleteChatSession
FNDA:1,sendChatMessage
DA:1,1
DA:41,1
DA:42,1
DA:43,1
DA:44,1
DA:46,4
DA:47,4
DA:48,4
DA:49,4
DA:50,4
DA:51,4
DA:52,4
DA:53,4
DA:54,4
DA:55,4
DA:56,1
DA:57,1
DA:58,4
DA:59,3
DA:60,3
DA:62,2
DA:63,2
DA:64,2
DA:65,2
DA:66,2
DA:67,2
DA:68,2
DA:69,2
DA:70,2
DA:71,2
DA:72,2
DA:74,2
DA:75,2
DA:76,2
DA:77,2
DA:78,2
DA:79,2
DA:80,2
DA:81,2
DA:82,2
DA:83,2
DA:84,2
DA:85,2
DA:87,1
DA:88,1
DA:89,1
DA:90,1
DA:91,1
DA:92,1
DA:93,1
DA:94,1
DA:95,1
DA:96,1
DA:97,1
DA:98,1
DA:100,0
DA:101,0
DA:102,0
DA:103,0
DA:104,0
DA:105,0
DA:106,0
DA:108,2
DA:109,2
DA:110,2
DA:111,2
DA:112,2
DA:113,1
DA:114,1
DA:116,0
DA:117,0
DA:118,0
DA:120,1
DA:121,1
DA:122,1
DA:123,1
DA:124,1
DA:125,1
DA:126,1
DA:127,1
DA:128,1
DA:129,1
DA:130,1
DA:131,1
DA:132,1
DA:133,1
DA:134,1
LF:87
LH:77
BRDA:41,0,0,1
BRDA:43,1,0,0
BRDA:46,2,0,4
BRDA:52,3,0,2
BRDA:55,4,0,1
BRDA:57,5,0,3
BRDA:58,6,0,0
BRDA:58,7,0,3
BRDA:62,8,0,2
BRDA:74,9,0,2
BRDA:79,10,0,0
BRDA:87,11,0,1
BRDA:108,12,0,2
BRDA:112,13,0,1
BRDA:113,14,0,1
BRDA:120,15,0,1
BRDA:130,16,0,0
BRF:17
BRH:13
end_of_record
TN:
SF:src/services/git-client.ts
FN:7,parseErrorMessage
FN:15,generateCommitMessage
FNF:2
FNH:0
FNDA:0,parseErrorMessage
FNDA:0,generateCommitMessage
DA:1,1
DA:7,0
DA:8,0
DA:9,0
DA:10,0
DA:15,0
DA:16,0
DA:17,0
DA:18,0
DA:19,0
DA:20,0
DA:21,0
DA:22,0
DA:23,0
DA:24,0
DA:25,0
DA:26,0
DA:27,0
DA:28,0
DA:29,0
DA:30,0
DA:31,0
DA:32,0
DA:33,0
LF:24
LH:1
BRF:0
BRH:0
end_of_record
TN:
SF:src/services/workspace-sync.ts
FN:19,syncWorkspaceWithBackend
FNF:1
FNH:1
FNDA:3,syncWorkspaceWithBackend
DA:1,1
DA:19,3
DA:20,3
DA:21,3
DA:22,3
DA:23,3
DA:24,3
DA:25,3
DA:26,3
DA:27,3
DA:28,3
DA:29,3
DA:30,3
DA:31,3
DA:32,3
DA:33,3
DA:34,1
DA:35,1
DA:36,1
DA:37,1
DA:38,3
LF:21
LH:21
BRDA:19,0,0,3
BRDA:32,1,0,2
BRDA:33,2,0,1
BRF:3
BRH:3
end_of_record
TN:
SF:src/services/ws-client.ts
FN:50,<instance_members_initializer>
FN:58,WsClient
FN:63,on
FN:69,connect
FN:76,disconnect
FN:87,openSocket
FN:100,socket.onmessage
FN:117,socket.onclose
FN:127,scheduleReconnect
FN:139,setStatus
FN:143,dispatch
FNF:11
FNH:11
FNDA:32,<instance_members_initializer>
FNDA:32,WsClient
FNDA:2,on
FNDA:7,connect
FNDA:1,disconnect
FNDA:8,openSocket
FNDA:6,socket.onmessage
FNDA:2,socket.onclose
FNDA:1,scheduleReconnect
FNDA:14,setStatus
FNDA:2,dispatch
DA:50,1
DA:51,32
DA:52,32
DA:53,32
DA:54,32
DA:55,32
DA:56,32
DA:58,32
DA:63,32
DA:64,2
DA:65,2
DA:66,2
DA:67,2
DA:69,32
DA:70,7
DA:71,7
DA:72,7
DA:73,7
DA:74,7
DA:76,32
DA:77,1
DA:78,1
DA:79,0
DA:80,0
DA:81,0
DA:82,1
DA:83,1
DA:84,1
DA:85,1
DA:87,32
DA:88,8
DA:89,8
DA:91,8
DA:92,8
DA:93,1
DA:94,1
DA:95,1
DA:97,7
DA:98,7
DA:100,7
DA:101,6
DA:103,6
DA:104,1
DA:105,1
DA:106,1
DA:107,6
DA:108,2
DA:109,2
DA:110,2
DA:111,2
DA:112,3
DA:114,2
DA:115,6
DA:117,7
DA:118,2
DA:119,2
DA:120,1
DA:121,1
DA:122,1
DA:123,1
DA:124,2
DA:125,8
DA:127,32
DA:128,1
DA:129,1
DA:130,1
DA:131,1
DA:132,1
DA:133,1
DA:134,1
DA:135,1
DA:136,1
DA:137,1
DA:139,32
DA:140,14
DA:141,14
DA:143,32
DA:144,2
DA:145,2
DA:146,2
DA:147,2
DA:148,32
LF:82
LH:79
BRDA:50,0,0,32
BRDA:58,1,0,32
BRDA:63,2,0,2
BRDA:66,3,0,1
BRDA:69,4,0,7
BRDA:76,5,0,1
BRDA:78,6,0,0
BRDA:87,7,0,8
BRDA:88,8,0,0
BRDA:89,9,0,1
BRDA:89,10,0,7
BRDA:92,11,0,1
BRDA:95,12,0,7
BRDA:100,13,0,6
BRDA:103,14,0,1
BRDA:106,15,0,5
BRDA:107,16,0,2
BRDA:111,17,0,3
BRDA:112,18,0,1
BRDA:112,19,0,2
BRDA:117,20,0,2
BRDA:119,21,0,1
BRDA:127,22,0,1
BRDA:129,23,0,0
BRDA:130,24,0,0
BRDA:133,25,0,1
BRDA:139,26,0,14
BRDA:140,27,0,11
BRDA:143,28,0,2
BRDA:145,29,0,0
BRDA:146,30,0,1
BRF:31
BRH:26
end_of_record
TN:
SF:src/store/agent-slice.ts
FN:48,setTaskStatus
FN:53,createAgentSlice
FN:64,loadAgentTasks
FN:85,createAgentTask
FN:109,selectAgentTask
FN:127,approveAgentTask
FN:142,cancelAgentTask
FN:154,handleAgentStarted
FN:158,handleAgentStep
FN:184,handleAgentApprovalRequired
FN:191,handleAgentStatusChanged
FN:198,handleAgentCompleted
FN:208,handleAgentFailed
FNF:13
FNH:9
FNDA:2,setTaskStatus
FNDA:25,createAgentSlice
FNDA:0,loadAgentTasks
FNDA:2,createAgentTask
FNDA:0,selectAgentTask
FNDA:1,approveAgentTask
FNDA:0,cancelAgentTask
FNDA:0,handleAgentStarted
FNDA:3,handleAgentStep
FNDA:1,handleAgentApprovalRequired
FNDA:1,handleAgentStatusChanged
FNDA:1,handleAgentCompleted
FNDA:1,handleAgentFailed
DA:5,1
DA:48,2
DA:49,2
DA:50,2
DA:51,2
DA:53,1
DA:54,25
DA:55,25
DA:56,25
DA:57,25
DA:58,25
DA:59,25
DA:60,25
DA:61,25
DA:62,25
DA:64,25
DA:65,0
DA:66,0
DA:67,0
DA:68,0
DA:69,0
DA:70,0
DA:71,0
DA:72,0
DA:73,0
DA:74,0
DA:75,0
DA:76,0
DA:77,0
DA:78,0
DA:79,0
DA:80,0
DA:81,0
DA:82,0
DA:83,0
DA:85,25
DA:86,2
DA:87,2
DA:88,1
DA:89,1
DA:90,1
DA:91,1
DA:92,1
DA:93,1
DA:94,1
DA:95,1
DA:96,1
DA:97,1
DA:98,1
DA:99,1
DA:100,1
DA:101,1
DA:102,2
DA:103,0
DA:104,0
DA:105,0
DA:106,0
DA:107,2
DA:109,25
DA:110,0
DA:111,0
DA:112,0
DA:113,0
DA:114,0
DA:115,0
DA:116,0
DA:117,0
DA:118,0
DA:119,0
DA:120,0
DA:121,0
DA:122,0
DA:123,0
DA:124,0
DA:125,0
DA:127,25
DA:128,1
DA:129,1
DA:130,1
DA:131,1
DA:132,1
DA:133,1
DA:134,1
DA:135,1
DA:136,0
DA:137,0
DA:138,0
DA:139,0
DA:140,1
DA:142,25
DA:143,0
DA:144,0
DA:145,0
DA:146,0
DA:147,0
DA:148,0
DA:149,0
DA:150,0
DA:151,0
DA:152,0
DA:154,25
DA:155,0
DA:156,0
DA:158,25
DA:159,3
DA:160,3
DA:161,3
DA:162,3
DA:163,3
DA:164,3
DA:165,1
DA:166,1
DA:167,1
DA:168,1
DA:169,3
DA:170,2
DA:171,2
DA:172,2
DA:173,2
DA:174,2
DA:175,2
DA:176,2
DA:177,2
DA:178,2
DA:179,2
DA:180,2
DA:181,3
DA:182,3
DA:184,25
DA:185,1
DA:186,1
DA:187,1
DA:188,1
DA:189,1
DA:191,25
DA:192,1
DA:193,1
DA:194,1
DA:195,1
DA:196,1
DA:198,25
DA:199,1
DA:200,1
DA:201,1
DA:202,1
DA:203,1
DA:204,1
DA:205,1
DA:206,1
DA:208,25
DA:209,1
DA:210,1
DA:211,1
DA:212,1
DA:213,1
DA:214,1
DA:215,1
DA:216,1
DA:217,25
LF:159
LH:104
BRDA:48,0,0,2
BRDA:49,1,0,2
BRDA:53,2,0,25
BRDA:85,3,0,2
BRDA:87,4,0,1
BRDA:102,5,0,0
BRDA:97,6,0,1
BRDA:127,7,0,1
BRDA:129,8,0,0
BRDA:135,9,0,0
BRDA:130,10,0,1
BRDA:158,11,0,3
BRDA:159,12,0,3
BRDA:163,13,0,1
BRDA:163,14,0,2
BRDA:163,15,0,1
BRDA:163,16,0,1
BRDA:164,17,0,1
BRDA:169,18,0,2
BRDA:161,19,0,1
BRDA:184,20,0,1
BRDA:185,21,0,1
BRDA:191,22,0,1
BRDA:192,23,0,1
BRDA:198,24,0,1
BRDA:199,25,0,1
BRDA:200,26,0,1
BRDA:208,27,0,1
BRDA:209,28,0,1
BRDA:210,29,0,1
BRF:30
BRH:27
end_of_record
TN:
SF:src/store/auth-slice.ts
FN:39,persistSession
FN:51,createAuthSlice
FN:60,setSession
FN:93,signOut
FN:112,restoreSession
FNF:5
FNH:5
FNDA:5,persistSession
FNDA:25,createAuthSlice
FNDA:5,setSession
FNDA:1,signOut
FNDA:4,restoreSession
DA:3,1
DA:4,1
DA:5,1
DA:39,5
DA:40,5
DA:41,5
DA:42,5
DA:43,5
DA:44,5
DA:45,5
DA:48,5
DA:49,5
DA:51,1
DA:52,25
DA:53,25
DA:54,25
DA:55,25
DA:56,25
DA:57,25
DA:58,25
DA:60,25
DA:61,5
DA:62,5
DA:63,5
DA:64,5
DA:65,5
DA:66,5
DA:75,5
DA:76,5
DA:77,0
DA:78,0
DA:79,0
DA:80,0
DA:81,0
DA:82,0
DA:83,0
DA:84,0
DA:85,0
DA:86,0
DA:87,0
DA:88,0
DA:89,0
DA:90,0
DA:91,5
DA:93,25
DA:94,1
DA:95,1
DA:96,1
DA:97,1
DA:98,1
DA:99,1
DA:100,1
DA:101,1
DA:112,25
DA:113,4
DA:114,4
DA:115,4
DA:117,3
DA:119,3
DA:120,3
DA:121,1
DA:122,1
DA:123,1
DA:124,1
DA:125,1
DA:126,1
DA:127,4
DA:129,2
DA:131,2
DA:132,1
DA:133,1
DA:134,1
DA:135,1
DA:136,1
DA:137,1
DA:138,1
DA:139,1
DA:140,4
DA:141,4
DA:142,4
DA:143,4
DA:144,4
DA:145,4
DA:146,25
LF:84
LH:70
BRDA:39,0,0,5
BRDA:40,1,0,0
BRDA:51,2,0,25
BRDA:60,3,0,5
BRDA:76,4,0,0
BRDA:61,5,0,5
BRDA:93,6,0,1
BRDA:95,7,0,1
BRDA:112,8,0,4
BRDA:115,9,0,1
BRDA:115,10,0,3
BRDA:120,11,0,1
BRDA:127,12,0,2
BRDA:131,13,0,1
BRDA:140,14,0,2
BRDA:141,15,0,4
BRF:16
BRH:14
end_of_record
TN:
SF:src/store/chat-slice.ts
FN:39,createStreamBatcher
FN:43,runFlush
FN:52,push
FN:62,createChatSlice
FN:85,loadChatSessions
FN:106,createChatSession
FN:123,selectChatSession
FN:141,deleteChatSession
FN:160,sendChatMessage
FN:185,handleStreamChunk
FN:210,handleStreamEnd
FNF:11
FNH:11
FNDA:25,createStreamBatcher
FNDA:3,runFlush
FNDA:3,push
FNDA:25,createChatSlice
FNDA:3,loadChatSessions
FNDA:1,createChatSession
FNDA:2,selectChatSession
FNDA:1,deleteChatSession
FNDA:1,sendChatMessage
FNDA:3,handleStreamChunk
FNDA:1,handleStreamEnd
DA:9,1
DA:39,25
DA:40,25
DA:41,25
DA:43,25
DA:44,3
DA:45,3
DA:46,3
DA:47,3
DA:48,3
DA:49,3
DA:51,25
DA:52,25
DA:53,3
DA:54,3
DA:55,3
DA:56,3
DA:57,3
DA:58,3
DA:59,25
DA:60,25
DA:62,1
DA:63,25
DA:64,25
DA:65,25
DA:66,25
DA:67,3
DA:68,3
DA:69,3
DA:70,3
DA:71,3
DA:72,3
DA:73,3
DA:74,3
DA:75,3
DA:76,25
DA:78,25
DA:79,25
DA:80,25
DA:81,25
DA:82,25
DA:83,25
DA:85,25
DA:86,3
DA:87,3
DA:88,2
DA:89,2
DA:90,2
DA:91,2
DA:92,2
DA:93,2
DA:94,1
DA:95,1
DA:96,1
DA:97,1
DA:98,1
DA:99,1
DA:100,1
DA:101,1
DA:102,1
DA:103,1
DA:104,3
DA:106,25
DA:107,1
DA:108,1
DA:109,1
DA:110,1
DA:111,1
DA:112,1
DA:113,1
DA:114,1
DA:115,1
DA:116,1
DA:117,0
DA:118,0
DA:119,0
DA:120,0
DA:121,1
DA:123,25
DA:124,2
DA:125,2
DA:126,2
DA:127,2
DA:128,2
DA:129,1
DA:130,1
DA:131,1
DA:132,1
DA:133,1
DA:134,2
DA:135,0
DA:136,0
DA:137,0
DA:138,0
DA:139,2
DA:141,25
DA:142,1
DA:143,1
DA:144,1
DA:145,1
DA:146,1
DA:147,1
DA:148,1
DA:149,1
DA:150,1
DA:151,1
DA:152,1
DA:153,1
DA:154,0
DA:155,0
DA:156,0
DA:157,0
DA:158,1
DA:160,25
DA:161,1
DA:162,1
DA:163,1
DA:164,1
DA:165,1
DA:166,1
DA:167,1
DA:168,1
DA:169,1
DA:170,1
DA:171,1
DA:172,1
DA:177,1
DA:178,1
DA:179,0
DA:180,0
DA:181,0
DA:182,0
DA:183,1
DA:185,25
DA:186,3
DA:187,3
DA:188,3
DA:189,3
DA:190,3
DA:193,2
DA:194,2
DA:195,2
DA:196,2
DA:197,2
DA:198,2
DA:199,2
DA:200,2
DA:201,2
DA:202,2
DA:203,2
DA:204,2
DA:205,2
DA:206,2
DA:207,3
DA:208,3
DA:210,25
DA:211,1
DA:212,1
DA:213,1
DA:214,1
DA:215,1
DA:216,1
DA:217,1
DA:218,1
DA:219,1
DA:220,1
DA:221,1
DA:222,25
DA:223,25
LF:169
LH:153
BRDA:39,0,0,25
BRDA:43,1,0,3
BRDA:52,2,0,3
BRDA:62,3,0,25
BRDA:66,4,0,3
BRDA:67,5,0,3
BRDA:74,6,0,0
BRDA:69,7,0,3
BRDA:85,8,0,3
BRDA:87,9,0,2
BRDA:87,10,0,1
BRDA:87,11,0,2
BRDA:93,12,0,1
BRDA:88,13,0,2
BRDA:94,14,0,1
BRDA:99,15,0,1
BRDA:100,16,0,0
BRDA:106,17,0,1
BRDA:108,18,0,0
BRDA:116,19,0,0
BRDA:111,20,0,1
BRDA:123,21,0,2
BRDA:128,22,0,1
BRDA:134,23,0,0
BRDA:124,24,0,2
BRDA:131,25,0,1
BRDA:141,26,0,1
BRDA:143,27,0,0
BRDA:153,28,0,0
BRDA:146,29,0,1
BRDA:150,30,0,0
BRDA:147,31,0,2
BRDA:160,32,0,1
BRDA:162,33,0,0
BRDA:178,34,0,0
BRDA:170,35,0,1
BRDA:185,36,0,3
BRDA:187,37,0,0
BRDA:190,38,0,2
BRDA:189,39,0,1
BRDA:193,40,0,2
BRDA:210,41,0,1
BRDA:211,42,0,1
BRDA:219,43,0,0
BRDA:213,44,0,1
BRF:45
BRH:33
end_of_record
TN:
SF:src/store/docker-slice.ts
FN:33,createDockerSlice
FN:41,refreshContainers
FN:60,selectContainer
FN:75,startContainer
FN:80,stopContainer
FN:85,restartContainer
FN:90,openContainerShell
FN:102,handleLogData
FN:109,handleLogClosed
FNF:9
FNH:9
FNDA:25,createDockerSlice
FNDA:10,refreshContainers
FNDA:6,selectContainer
FNDA:1,startContainer
FNDA:2,stopContainer
FNDA:1,restartContainer
FNDA:3,openContainerShell
FNDA:3,handleLogData
FNDA:1,handleLogClosed
DA:5,1
DA:28,1
DA:33,1
DA:34,25
DA:35,25
DA:36,25
DA:37,25
DA:38,25
DA:39,25
DA:41,25
DA:42,10
DA:43,10
DA:44,10
DA:45,10
DA:46,10
DA:47,10
DA:48,10
DA:49,8
DA:50,8
DA:51,10
DA:54,2
DA:55,2
DA:56,2
DA:57,10
DA:58,10
DA:60,25
DA:61,6
DA:62,6
DA:64,6
DA:66,6
DA:67,6
DA:68,6
DA:69,6
DA:70,6
DA:72,6
DA:73,6
DA:75,25
DA:76,1
DA:77,1
DA:78,1
DA:80,25
DA:81,2
DA:82,2
DA:83,2
DA:85,25
DA:86,1
DA:87,1
DA:88,1
DA:90,25
DA:91,3
DA:92,3
DA:94,2
DA:95,2
DA:96,2
DA:97,2
DA:98,2
DA:99,2
DA:100,3
DA:102,25
DA:103,3
DA:104,3
DA:105,3
DA:106,3
DA:107,3
DA:109,25
DA:110,1
DA:111,1
DA:112,1
DA:113,1
DA:114,25
LF:70
LH:70
BRDA:33,0,0,25
BRDA:41,1,0,10
BRDA:42,2,0,10
BRDA:46,3,0,10
BRDA:48,4,0,8
BRDA:51,5,0,2
BRDA:60,6,0,6
BRDA:62,7,0,0
BRDA:64,8,0,2
BRDA:72,9,0,5
BRDA:66,10,0,6
BRDA:75,11,0,1
BRDA:80,12,0,2
BRDA:82,13,0,1
BRDA:85,14,0,1
BRDA:90,15,0,3
BRDA:92,16,0,2
BRDA:92,17,0,1
BRDA:95,18,0,2
BRDA:102,19,0,3
BRDA:103,20,0,3
BRDA:105,21,0,1
BRDA:105,22,0,2
BRDA:109,23,0,1
BRDA:110,24,0,1
BRF:25
BRH:24
end_of_record
TN:
SF:src/store/editor-slice.ts
FN:34,createEditorSlice
FN:39,openFile
FN:64,closeFile
FN:77,closeFileByPath
FN:82,setActiveFile
FN:89,updateContent
FN:99,saveFile
FN:112,setCursorPosition
FN:118,renameOpenFile
FNF:9
FNH:1
FNDA:25,createEditorSlice
FNDA:0,openFile
FNDA:0,closeFile
FNDA:0,closeFileByPath
FNDA:0,setActiveFile
FNDA:0,updateContent
FNDA:0,saveFile
FNDA:0,setCursorPosition
FNDA:0,renameOpenFile
DA:4,1
DA:29,1
DA:34,1
DA:35,25
DA:36,25
DA:37,25
DA:39,25
DA:40,0
DA:41,0
DA:42,0
DA:43,0
DA:44,0
DA:45,0
DA:46,0
DA:48,0
DA:49,0
DA:51,0
DA:52,0
DA:53,0
DA:54,0
DA:55,0
DA:56,0
DA:57,0
DA:58,0
DA:59,0
DA:60,0
DA:61,0
DA:62,0
DA:64,25
DA:65,0
DA:66,0
DA:67,0
DA:68,0
DA:69,0
DA:70,0
DA:71,0
DA:72,0
DA:73,0
DA:74,0
DA:75,0
DA:77,25
DA:78,0
DA:79,0
DA:80,0
DA:82,25
DA:83,0
DA:84,0
DA:85,0
DA:86,0
DA:87,0
DA:89,25
DA:90,0
DA:91,0
DA:92,0
DA:93,0
DA:94,0
DA:95,0
DA:96,0
DA:97,0
DA:99,25
DA:100,0
DA:101,0
DA:103,0
DA:104,0
DA:106,0
DA:107,0
DA:108,0
DA:109,0
DA:110,0
DA:112,25
DA:113,0
DA:114,0
DA:115,0
DA:116,0
DA:118,25
DA:119,0
DA:120,0
DA:121,0
DA:122,0
DA:123,0
DA:124,0
DA:125,0
DA:126,0
DA:127,25
LF:84
LH:15
BRDA:34,0,0,25
BRF:1
BRH:1
end_of_record
TN:
SF:src/store/git-slice.ts
FN:39,createGitSlice
FN:52,refreshGitStatus
FN:72,refreshGitBranches
FN:80,stageFiles
FN:85,unstageFiles
FN:90,openDiff
FN:96,closeDiff
FN:102,setCommitMessage
FN:108,generateCommitMessage
FN:129,commit
FN:151,checkoutBranch
FNF:11
FNH:11
FNDA:25,createGitSlice
FNDA:12,refreshGitStatus
FNDA:1,refreshGitBranches
FNDA:3,stageFiles
FNDA:1,unstageFiles
FNDA:1,openDiff
FNDA:1,closeDiff
FNDA:11,setCommitMessage
FNDA:3,generateCommitMessage
FNDA:3,commit
FNDA:1,checkoutBranch
DA:4,1
DA:37,1
DA:39,1
DA:40,25
DA:41,25
DA:42,25
DA:43,25
DA:44,25
DA:45,25
DA:46,25
DA:47,25
DA:48,25
DA:49,25
DA:50,25
DA:52,25
DA:53,12
DA:54,12
DA:55,12
DA:56,12
DA:57,12
DA:58,12
DA:59,12
DA:60,10
DA:61,10
DA:62,12
DA:66,2
DA:67,2
DA:68,2
DA:69,12
DA:70,12
DA:72,25
DA:73,1
DA:74,1
DA:75,1
DA:76,1
DA:77,1
DA:78,1
DA:80,25
DA:81,3
DA:82,3
DA:83,3
DA:85,25
DA:86,1
DA:87,1
DA:88,1
DA:90,25
DA:91,1
DA:92,1
DA:93,1
DA:94,1
DA:96,25
DA:97,1
DA:98,1
DA:99,1
DA:100,1
DA:102,25
DA:103,11
DA:104,11
DA:105,11
DA:106,11
DA:108,25
DA:109,3
DA:110,3
DA:112,2
DA:113,2
DA:114,2
DA:115,2
DA:116,2
DA:117,3
DA:118,1
DA:119,1
DA:120,1
DA:121,1
DA:122,3
DA:123,2
DA:124,2
DA:125,2
DA:126,2
DA:127,3
DA:129,25
DA:130,3
DA:131,3
DA:133,2
DA:134,2
DA:135,2
DA:136,2
DA:137,2
DA:138,3
DA:139,1
DA:140,1
DA:141,1
DA:142,1
DA:143,1
DA:144,3
DA:145,2
DA:146,2
DA:147,2
DA:148,2
DA:149,3
DA:151,25
DA:152,1
DA:153,1
DA:154,1
DA:155,1
DA:156,1
DA:157,1
DA:158,25
LF:107
LH:107
BRDA:39,0,0,25
BRDA:52,1,0,12
BRDA:53,2,0,12
BRDA:57,3,0,12
BRDA:59,4,0,10
BRDA:62,5,0,2
BRDA:72,6,0,1
BRDA:74,7,0,0
BRDA:75,8,0,1
BRDA:80,9,0,3
BRDA:82,10,0,2
BRDA:85,11,0,1
BRDA:90,12,0,1
BRDA:91,13,0,1
BRDA:96,14,0,1
BRDA:97,15,0,1
BRDA:102,16,0,11
BRDA:103,17,0,11
BRDA:108,18,0,3
BRDA:110,19,0,1
BRDA:110,20,0,2
BRDA:117,21,0,1
BRDA:122,22,0,2
BRDA:112,23,0,2
BRDA:119,24,0,1
BRDA:123,25,0,2
BRDA:129,26,0,3
BRDA:131,27,0,1
BRDA:131,28,0,2
BRDA:138,29,0,1
BRDA:144,30,0,2
BRDA:133,31,0,2
BRDA:139,32,0,1
BRDA:145,33,0,2
BRDA:151,34,0,1
BRF:35
BRH:34
end_of_record
TN:
SF:src/store/index.ts
FNF:0
FNH:0
DA:1,1
DA:2,1
DA:3,1
DA:4,1
DA:5,1
DA:6,1
DA:7,1
DA:8,1
DA:9,1
DA:10,1
DA:11,1
DA:12,1
DA:13,1
DA:18,1
DA:19,1
DA:20,25
DA:21,25
DA:22,25
DA:23,25
DA:24,25
DA:25,25
DA:26,25
DA:27,25
DA:28,25
DA:29,25
DA:30,25
DA:31,1
DA:32,1
LF:28
LH:28
BRDA:19,0,0,25
BRF:1
BRH:1
end_of_record
TN:
SF:src/store/settings-slice.ts
FN:14,readPersistedFontSize
FN:22,readPersistedWordWrap
FN:47,createSettingsSlice
FN:50,setTheme
FN:57,toggleTheme
FN:62,setEditorFontSize
FN:71,setEditorWordWrap
FN:79,setBackendUrl
FNF:8
FNH:6
FNDA:25,readPersistedFontSize
FNDA:25,readPersistedWordWrap
FNDA:25,createSettingsSlice
FNDA:2,setTheme
FNDA:1,toggleTheme
FNDA:2,setEditorFontSize
FNDA:0,setEditorWordWrap
FNDA:0,setBackendUrl
DA:3,1
DA:4,1
DA:8,1
DA:9,1
DA:10,1
DA:11,1
DA:12,1
DA:14,25
DA:15,25
DA:16,25
DA:17,25
DA:18,0
DA:19,25
DA:20,25
DA:22,25
DA:23,25
DA:24,25
DA:25,25
DA:42,1
DA:47,1
DA:48,25
DA:50,25
DA:51,2
DA:52,2
DA:53,2
DA:54,2
DA:55,2
DA:57,25
DA:58,1
DA:59,1
DA:61,25
DA:62,25
DA:63,2
DA:64,2
DA:65,2
DA:66,2
DA:67,2
DA:68,2
DA:70,25
DA:71,25
DA:72,0
DA:73,0
DA:74,0
DA:75,0
DA:76,0
DA:78,25
DA:79,25
DA:80,0
DA:81,0
DA:82,0
DA:83,0
DA:84,0
DA:85,25
LF:53
LH:42
BRDA:14,0,0,25
BRDA:15,1,0,0
BRDA:17,2,0,0
BRDA:17,3,0,0
BRDA:22,4,0,25
BRDA:23,5,0,0
BRDA:47,6,0,25
BRDA:50,7,0,2
BRDA:51,8,0,2
BRDA:57,9,0,1
BRDA:58,10,0,0
BRDA:62,11,0,2
BRDA:64,12,0,2
BRF:13
BRH:8
end_of_record
TN:
SF:src/store/terminal-slice.ts
FN:27,createTerminalSlice
FN:31,createTerminal
FN:44,closeTerminal
FN:58,setActiveTerminal
FN:64,markTerminalExited
FN:73,renameTerminal
FNF:6
FNH:3
FNDA:25,createTerminalSlice
FNDA:3,createTerminal
FNDA:0,closeTerminal
FNDA:0,setActiveTerminal
FNDA:0,markTerminalExited
FNDA:3,renameTerminal
DA:3,1
DA:22,1
DA:27,1
DA:28,25
DA:29,25
DA:31,25
DA:32,3
DA:33,3
DA:35,3
DA:36,3
DA:38,3
DA:39,3
DA:40,3
DA:41,3
DA:42,3
DA:44,25
DA:45,0
DA:47,0
DA:48,0
DA:49,0
DA:50,0
DA:51,0
DA:52,0
DA:53,0
DA:54,0
DA:55,0
DA:56,0
DA:58,25
DA:59,0
DA:60,0
DA:61,0
DA:62,0
DA:64,25
DA:65,0
DA:66,0
DA:67,0
DA:68,0
DA:69,0
DA:73,25
DA:74,3
DA:75,2
DA:76,2
DA:77,2
DA:78,2
DA:79,3
DA:80,25
LF:46
LH:26
BRDA:27,0,0,25
BRDA:31,1,0,3
BRDA:33,2,0,0
BRDA:36,3,0,0
BRDA:38,4,0,3
BRDA:73,5,0,3
BRDA:74,6,0,1
BRDA:74,7,0,2
BRDA:75,8,0,2
BRDA:77,9,0,1
BRDA:76,10,0,3
BRF:11
BRH:9
end_of_record
TN:
SF:src/store/ui-slice.ts
FN:27,createUiSlice
FN:33,setSidebarView
FN:45,toggleBottomPanel
FN:52,openAuthDialog
FN:57,closeAuthDialog
FN:64,openSettings
FN:69,closeSettings
FNF:7
FNH:3
FNDA:25,createUiSlice
FNDA:3,setSidebarView
FNDA:0,toggleBottomPanel
FNDA:1,openAuthDialog
FNDA:0,closeAuthDialog
FNDA:0,openSettings
FNDA:0,closeSettings
DA:27,1
DA:28,25
DA:29,25
DA:30,25
DA:32,25
DA:33,25
DA:34,3
DA:35,3
DA:36,1
DA:37,1
DA:38,1
DA:39,2
DA:40,2
DA:41,3
DA:42,3
DA:44,25
DA:45,25
DA:46,0
DA:47,0
DA:48,0
DA:49,0
DA:51,25
DA:52,25
DA:53,1
DA:54,1
DA:55,1
DA:56,1
DA:57,25
DA:58,0
DA:59,0
DA:60,0
DA:61,0
DA:63,25
DA:64,25
DA:65,0
DA:66,0
DA:67,0
DA:68,0
DA:69,25
DA:70,0
DA:71,0
DA:72,0
DA:73,0
DA:74,25
LF:44
LH:28
BRDA:27,0,0,25
BRDA:33,1,0,3
BRDA:34,2,0,3
BRDA:35,3,0,1
BRDA:35,4,0,2
BRDA:35,5,0,1
BRDA:52,6,0,1
BRDA:53,7,0,1
BRF:8
BRH:8
end_of_record
TN:
SF:src/store/workspace-slice.ts
FN:30,createWorkspaceSlice
FN:31,applyWorkspaceRoot
FN:61,openFolder
FN:67,openFolderAtPath
FN:73,refreshAllFiles
FNF:5
FNH:5
FNDA:25,createWorkspaceSlice
FNDA:1,applyWorkspaceRoot
FNDA:1,openFolder
FNDA:1,openFolderAtPath
FNDA:1,refreshAllFiles
DA:3,1
DA:4,1
DA:25,1
DA:30,1
DA:31,25
DA:32,1
DA:33,1
DA:34,1
DA:35,1
DA:36,1
DA:37,1
DA:38,1
DA:43,1
DA:44,1
DA:45,0
DA:46,0
DA:47,0
DA:48,0
DA:49,0
DA:50,0
DA:51,0
DA:52,0
DA:53,1
DA:55,25
DA:56,25
DA:57,25
DA:58,25
DA:59,25
DA:61,25
DA:62,1
DA:63,1
DA:64,0
DA:65,1
DA:67,25
DA:68,1
DA:69,1
DA:70,1
DA:71,1
DA:73,25
DA:74,1
DA:75,1
DA:76,1
DA:77,1
DA:78,1
DA:79,1
DA:80,25
DA:81,25
LF:47
LH:38
BRDA:30,0,0,25
BRDA:31,1,0,1
BRDA:44,2,0,0
BRDA:33,3,0,1
BRDA:61,4,0,1
BRDA:63,5,0,0
BRDA:67,6,0,1
BRDA:69,7,0,0
BRDA:73,8,0,1
BRDA:75,9,0,0
BRDA:76,10,0,1
BRF:11
BRH:7
end_of_record
TN:
SF:src/store/ws-slice.ts
FN:13,createWsSlice
FN:19,getToken
FN:20,onStatusChange
FN:30,connectWorkspaceSocket
FN:31,disconnectWorkspaceSocket
FNF:5
FNH:1
FNDA:25,createWsSlice
FNDA:0,getToken
FNDA:0,onStatusChange
FNDA:0,connectWorkspaceSocket
FNDA:0,disconnectWorkspaceSocket
DA:3,1
DA:4,1
DA:13,1
DA:14,25
DA:15,25
DA:16,25
DA:17,25
DA:18,25
DA:19,25
DA:20,25
DA:21,0
DA:22,0
DA:23,0
DA:24,0
DA:25,25
DA:27,25
DA:28,25
DA:29,25
DA:30,25
DA:31,25
DA:32,25
DA:33,25
LF:22
LH:18
BRDA:13,0,0,25
BRF:1
BRH:1
end_of_record
